{"target": -1000000000.0, "params": {"K_high": 13.909379088857643, "K_low": 9.512204017198297, "K_mid": 25.674785886078748, "K_neg": 1.9465087453524106, "S_high": 5.3877344423997515, "S_low": 7.2402896454524495, "S_mid": 36.918011901484434, "S_neg": -15.159842140234268, "buffer": 30.312646887548873, "gamma": 7.659857518984804, "holdFactor": 7.07606122769046, "k": 15.57441621743983, "lookbackwindow": 202.338198747295, "max_order_AS_size": 74.04062208896231, "sigma": 1.7350688445830629, "zscorethreshold": 0.17043077346373392}, "datetime": {"datetime": "2025-04-13 10:21:59", "elapsed": 211.37154, "delta": 0.001994}}
{"target": -1000000000.0, "params": {"K_high": 1.1298950872845308, "K_low": -7.296674216903545, "K_mid": 38.52829295240804, "K_neg": -11.973993669354137, "S_high": 38.63630423001348, "S_low": -1.3500424333973609, "S_mid": 12.541463710101857, "S_neg": -14.186764995147552, "buffer": 21.975584431645505, "gamma": 1.1013636084043519, "holdFactor": 25.66896995613923, "k": 7.265107292778389, "lookbackwindow": 311.69603767442567, "max_order_AS_size": 325.4503451066785, "sigma": 1.3040497062572962, "zscorethreshold": 0.1533740677766704}, "datetime": {"datetime": "2025-04-13 10:21:59", "elapsed": 211.373539, "delta": 0.001999}}
{"target": -1000000000.0, "params": {"K_high": 31.252387284130748, "K_low": -0.8039915246135969, "K_mid": 2.420735440668484, "K_neg": 10.738182175658125, "S_high": 2.405444383755029, "S_low": 3.900704577171064, "S_mid": 39.3487891180102, "S_neg": -27.801814684987793, "buffer": 7.112468434359808, "gamma": 1.2577801472531676, "holdFactor": 12.200678387947061, "k": 3.930328519308754, "lookbackwindow": 347.6198641385953, "max_order_AS_size": 32.08360726690128, "sigma": 2.0188442562995794, "zscorethreshold": 2.491742134632442}, "datetime": {"datetime": "2025-04-13 10:21:59", "elapsed": 211.375539, "delta": 0.002}}
{"target": -1000000000.0, "params": {"K_high": 32.57741375329015, "K_low": 2.3043887646202172, "K_mid": 12.319519469385805, "K_neg": -8.181312349126436, "S_high": 21.1289544100749, "S_low": -1.4783323221925713, "S_mid": 5.315344031933958, "S_neg": 5.216814977263802, "buffer": 22.489232441066125, "gamma": 1.9864939926166123, "holdFactor": 14.773598100003854, "k": 13.009762823338884, "lookbackwindow": 414.6312583056028, "max_order_AS_size": 367.07357590013964, "sigma": 2.5386097872826796, "zscorethreshold": 0.027578161071618035}, "datetime": {"datetime": "2025-04-13 10:21:59", "elapsed": 211.37754, "delta": 0.002001}}
{"target": 8729.0, "params": {"K_high": 16.704544527372484, "K_low": -0.3731169672935266, "K_mid": 0.8657718452399618, "K_neg": -26.749526354003255, "S_high": 30.435563942573186, "S_low": -7.257805885420019, "S_mid": 21.45887424495841, "S_neg": -29.02470452712089, "buffer": 0.6060387321946636, "gamma": 2.4499545031154373, "holdFactor": 39.03736282091115, "k": 24.244576244606698, "lookbackwindow": 479.99043893891155, "max_order_AS_size": 244.43916791925486, "sigma": 1.219472397355007, "zscorethreshold": 1.3698987224342325}, "datetime": {"datetime": "2025-04-13 10:22:09", "elapsed": 222.190853, "delta": 10.813313}}
{"target": -1000000000.0, "params": {"K_high": 18.22965564894244, "K_low": 6.88714165479232, "K_mid": 4.013494973291359, "K_neg": -15.099702011889313, "S_high": 6.086941721289971, "S_low": -3.506481462198801, "S_mid": 29.520547387773206, "S_neg": -15.723075402192908, "buffer": 18.794414257288466, "gamma": 3.975038971771851, "holdFactor": 18.43192605939887, "k": 23.76547977127465, "lookbackwindow": 446.581921025416, "max_order_AS_size": 477.7120085654602, "sigma": 2.57380677251059, "zscorethreshold": 0.7885172393700318}, "datetime": {"datetime": "2025-04-13 10:22:09", "elapsed": 222.192812, "delta": 0.001959}}
{"target": -1000000000.0, "params": {"K_high": 27.556574772853033, "K_low": -1.2479375188921615, "K_mid": 10.26135781963744, "K_neg": 2.8844505507220504, "S_high": 1.6332113235967674, "S_low": 8.03523984270847, "S_mid": 18.512950838526894, "S_neg": -7.502724682777696, "buffer": 32.96769611028913, "gamma": 8.956421520030037, "holdFactor": 25.503120318471574, "k": 18.80407395804179, "lookbackwindow": 37.99276007754153, "max_order_AS_size": 259.68560295065686, "sigma": 1.3003380016340833, "zscorethreshold": 1.843584421803714}, "datetime": {"datetime": "2025-04-13 10:22:09", "elapsed": 222.196298, "delta": 0.003486}}
{"target": -1000000000.0, "params": {"K_high": 20.537654640425714, "K_low": 3.6045555841670662, "K_mid": 1.7627487340351322, "K_neg": -35.675607181664034, "S_high": 28.681303183701022, "S_low": -8.558313280026532, "S_mid": 2.943143437833818, "S_neg": -39.38246776302074, "buffer": 47.82506991497401, "gamma": 7.388208176617119, "holdFactor": 14.19473119923236, "k": 9.599531857342, "lookbackwindow": 178.10309872419552, "max_order_AS_size": 387.55211205940975, "sigma": 2.322741222140829, "zscorethreshold": 0.46298891966866984}, "datetime": {"datetime": "2025-04-13 10:22:09", "elapsed": 222.198811, "delta": 0.002513}}
{"target": -1000000000.0, "params": {"K_high": 7.046962479829965, "K_low": -8.032087005732054, "K_mid": 26.446078516083393, "K_neg": -1.016994226691466, "S_high": 10.67535249016766, "S_low": -9.581100779381744, "S_mid": 3.378649532309451, "S_neg": 9.360861777096552, "buffer": 14.772238873871013, "gamma": 7.703770320989428, "holdFactor": 25.024076397285125, "k": 12.076249549933982, "lookbackwindow": 106.81519478679978, "max_order_AS_size": 61.571822661543806, "sigma": 2.230025936077733, "zscorethreshold": 1.93658445159447}, "datetime": {"datetime": "2025-04-13 10:22:09", "elapsed": 222.200819, "delta": 0.002008}}
{"target": -1000000000.0, "params": {"K_high": 25.791779716291114, "K_low": 0.6060426649831658, "K_mid": 1.7738538149222869, "K_neg": 9.392927657313571, "S_high": 31.968696247017526, "S_low": -4.143559265980706, "S_mid": 39.20081614141814, "S_neg": -9.304038928547573, "buffer": 29.121132910362324, "gamma": 7.493328135323844, "holdFactor": 32.48961454479649, "k": 20.037879612613576, "lookbackwindow": 68.40739445126901, "max_order_AS_size": 169.7954854912547, "sigma": 2.8561672806520995, "zscorethreshold": 0.5615390296096299}, "datetime": {"datetime": "2025-04-13 10:22:09", "elapsed": 222.202813, "delta": 0.001994}}
{"target": -1000000000.0, "params": {"K_high": 14.949464251116781, "K_low": -1.3584623411160806, "K_mid": 17.63225908880864, "K_neg": -8.740081292779198, "S_high": 37.72872592601383, "S_low": -5.1861457633499, "S_mid": 4.94790491440663, "S_neg": -29.929005017143197, "buffer": 44.34624501046348, "gamma": 6.475817585919299, "holdFactor": 11.507680890642488, "k": 24.6624612300899, "lookbackwindow": 431.3781481999008, "max_order_AS_size": 423.41065500644874, "sigma": 2.837853067279109, "zscorethreshold": 0.630602550433404}, "datetime": {"datetime": "2025-04-13 10:22:09", "elapsed": 222.205822, "delta": 0.003009}}
{"target": -1000000000.0, "params": {"K_high": 30.226172956976505, "K_low": -0.7892100545172003, "K_mid": 33.69574226031346, "K_neg": -2.846975464757726, "S_high": 31.080253115339012, "S_low": 3.1232367536214305, "S_mid": 7.179407901841303, "S_neg": -12.203627136256145, "buffer": 49.23348697622541, "gamma": 9.377011261646333, "holdFactor": 1.8226320583007656, "k": 5.779629656153677, "lookbackwindow": 70.20574286000814, "max_order_AS_size": 363.26397508266245, "sigma": 2.63557065971389, "zscorethreshold": 0.5337784157766798}, "datetime": {"datetime": "2025-04-13 10:22:09", "elapsed": 222.208814, "delta": 0.002992}}
{"target": -1000000000.0, "params": {"K_high": 20.283522448777976, "K_low": 6.814060560224, "K_mid": 29.338781636173398, "K_neg": -12.345902519915736, "S_high": 23.65487284930504, "S_low": 0.1672109383255993, "S_mid": 11.97218320762094, "S_neg": -11.183878364190178, "buffer": 34.44426510250453, "gamma": 8.739563012815037, "holdFactor": 25.488025023772, "k": 23.07252457425158, "lookbackwindow": 84.23545930251363, "max_order_AS_size": 231.31717973547515, "sigma": 1.0186632396541866, "zscorethreshold": 0.6166971613040575}, "datetime": {"datetime": "2025-04-13 10:22:09", "elapsed": 222.210812, "delta": 0.001998}}
{"target": -1000000000.0, "params": {"K_high": 29.085822433008893, "K_low": 9.83619902698727, "K_mid": 4.057206173529915, "K_neg": -19.523789891074298, "S_high": 32.02283165109646, "S_low": -5.919287307422023, "S_mid": 22.247889477161223, "S_neg": -2.613363902486583, "buffer": 30.79927251300895, "gamma": 1.9208461094233904, "holdFactor": 14.279844290561002, "k": 23.72996175007652, "lookbackwindow": 279.34212449534823, "max_order_AS_size": 3.6095771579134555, "sigma": 2.5219815200561877, "zscorethreshold": 0.08827838735059768}, "datetime": {"datetime": "2025-04-13 10:22:09", "elapsed": 222.212814, "delta": 0.002002}}
{"target": -1000000000.0, "params": {"K_high": 29.854777930976162, "K_low": -5.950388796695252, "K_mid": 38.32713185676327, "K_neg": -21.235021683593693, "S_high": 13.144571491889355, "S_low": -7.022238993351106, "S_mid": 12.293608198059573, "S_neg": 4.709188853238231, "buffer": 49.81671688136237, "gamma": 3.7146798285431406, "holdFactor": 17.99956417508625, "k": 21.940057207879374, "lookbackwindow": 443.6669113302119, "max_order_AS_size": 296.9291227592053, "sigma": 1.7830513963556587, "zscorethreshold": 1.0315546021215594}, "datetime": {"datetime": "2025-04-13 10:22:09", "elapsed": 222.214813, "delta": 0.001999}}
{"target": 8825.0, "params": {"K_high": 27.855164045222594, "K_low": -9.935634727914426, "K_mid": 24.821614564647643, "K_neg": -21.869856467490774, "S_high": 31.788473517955662, "S_low": -8.140187203537357, "S_mid": 23.569270451240783, "S_neg": -15.47038261580769, "buffer": 32.11627629526137, "gamma": 0.695293265105535, "holdFactor": 23.24135311838244, "k": 17.283053050826187, "lookbackwindow": 282.5267467360046, "max_order_AS_size": 302.14034563163096, "sigma": 2.3529358744527245, "zscorethreshold": 2.0124724992019245}, "datetime": {"datetime": "2025-04-13 10:22:22", "elapsed": 234.770698, "delta": 12.555885}}
{"target": -1000000000.0, "params": {"K_high": 10.86584673311575, "K_low": 6.500988203601242, "K_mid": 19.9804017223118, "K_neg": -36.07002776414911, "S_high": 2.43618207683477, "S_low": -3.3152336260787845, "S_mid": 31.417389386747555, "S_neg": -3.908272328213293, "buffer": 39.43074823362032, "gamma": 5.196827111594013, "holdFactor": 17.663940018424075, "k": 5.276123274482234, "lookbackwindow": 167.45541303660923, "max_order_AS_size": 217.57566372076377, "sigma": 1.1772008593592345, "zscorethreshold": 0.5515298817780281}, "datetime": {"datetime": "2025-04-13 10:22:22", "elapsed": 234.773744, "delta": 0.003046}}
{"target": -1000000000.0, "params": {"K_high": 23.96918923314318, "K_low": 4.713262284783797, "K_mid": 39.93406570457869, "K_neg": 7.5887798985214445, "S_high": 25.738351461454144, "S_low": -1.5750389341185596, "S_mid": 25.483476851858487, "S_neg": 0.06823252209183295, "buffer": 5.916809546169366, "gamma": 4.128553652478067, "holdFactor": 33.608111196861124, "k": 12.131155606058277, "lookbackwindow": 288.0767742574573, "max_order_AS_size": 294.2969110702369, "sigma": 1.3689525062672787, "zscorethreshold": 0.905588604130721}, "datetime": {"datetime": "2025-04-13 10:22:22", "elapsed": 234.776745, "delta": 0.003001}}
{"target": -1000000000.0, "params": {"K_high": 13.447000420803091, "K_low": -9.476065829358705, "K_mid": 1.0652513792650742, "K_neg": 2.4165492274644436, "S_high": 10.995525317915215, "S_low": 0.36157532477630916, "S_mid": 12.019150386192043, "S_neg": 7.974641500882363, "buffer": 12.964837943288687, "gamma": 4.325085286752404, "holdFactor": 34.92193699433562, "k": 25.41607343696245, "lookbackwindow": 97.12020183390727, "max_order_AS_size": 401.51901158805947, "sigma": 1.9163737734757853, "zscorethreshold": 1.207422180213388}, "datetime": {"datetime": "2025-04-13 10:22:22", "elapsed": 234.779747, "delta": 0.003002}}
{"target": -1000000000.0, "params": {"K_high": 5.425850899396156, "K_low": -8.387969724857507, "K_mid": 29.144778348253233, "K_neg": -14.680481229879714, "S_high": 17.530343034345666, "S_low": 4.590164573047934, "S_mid": 30.64396466974528, "S_neg": -31.895683448862968, "buffer": 30.511257473882065, "gamma": 1.396773118662971, "holdFactor": 30.079865932558924, "k": 20.051699531747047, "lookbackwindow": 478.5242374363117, "max_order_AS_size": 35.41005016185417, "sigma": 1.1141094423025086, "zscorethreshold": 0.7054676867330003}, "datetime": {"datetime": "2025-04-13 10:22:22", "elapsed": 234.781745, "delta": 0.001998}}
{"target": -1000000000.0, "params": {"K_high": 10.542056781062648, "K_low": -5.060424018560004, "K_mid": 36.25955776278936, "K_neg": -27.27314380767519, "S_high": 10.950794072532377, "S_low": 5.187965248359275, "S_mid": 18.044619713776548, "S_neg": -0.3877615952857596, "buffer": 3.268307878219262, "gamma": 4.9013333770501735, "holdFactor": 1.4411826473129772, "k": 2.816942900205281, "lookbackwindow": 453.6865394054834, "max_order_AS_size": 70.48344018767999, "sigma": 2.064841364550434, "zscorethreshold": 1.0277390065017664}, "datetime": {"datetime": "2025-04-13 10:22:22", "elapsed": 234.784746, "delta": 0.003001}}
{"target": -1000000000.0, "params": {"K_high": 13.958998717727821, "K_low": 7.99666691374545, "K_mid": 0.970753531342031, "K_neg": -6.146726005044954, "S_high": 38.53943792512066, "S_low": 1.2033636692368397, "S_mid": 37.47921623512036, "S_neg": -37.33484815641279, "buffer": 20.93966595370807, "gamma": 2.6385700200724087, "holdFactor": 29.25975650273112, "k": 29.457615624420153, "lookbackwindow": 131.98238090990264, "max_order_AS_size": 327.43312613556316, "sigma": 1.3961952655194803, "zscorethreshold": 1.4133256364290248}, "datetime": {"datetime": "2025-04-13 10:22:22", "elapsed": 234.787249, "delta": 0.002503}}
{"target": -1000000000.0, "params": {"K_high": 18.610906218864613, "K_low": 9.440106592630741, "K_mid": 24.380238180589018, "K_neg": -22.17517502357224, "S_high": 4.652421817028541, "S_low": -6.975063425301309, "S_mid": 9.090145505054279, "S_neg": -27.200700271644802, "buffer": 42.53080289205689, "gamma": 5.6341667434111224, "holdFactor": 20.98329736383722, "k": 4.328297284207307, "lookbackwindow": 430.7691482079703, "max_order_AS_size": 361.6843373010334, "sigma": 1.1353367238000032, "zscorethreshold": 1.7695877430744216}, "datetime": {"datetime": "2025-04-13 10:22:22", "elapsed": 234.790259, "delta": 0.00301}}
{"target": -1000000000.0, "params": {"K_high": 21.78717487197158, "K_low": -8.365493085064434, "K_mid": 18.386195596993392, "K_neg": -15.280489356367603, "S_high": 6.714404152514702, "S_low": 8.913962940005646, "S_mid": 34.01401732207841, "S_neg": -5.879860796215475, "buffer": 23.11477805003036, "gamma": 4.147067138765859, "holdFactor": 26.07384133932307, "k": 16.817524212800258, "lookbackwindow": 35.82518741153338, "max_order_AS_size": 256.7388217363955, "sigma": 2.612807234465679, "zscorethreshold": 1.148099693992395}, "datetime": {"datetime": "2025-04-13 10:22:22", "elapsed": 234.79326, "delta": 0.003001}}
{"target": -1000000000.0, "params": {"K_high": 2.1730674444153095, "K_low": 5.725563987680662, "K_mid": 8.134414907225377, "K_neg": -26.81033742071002, "S_high": 6.671783501948606, "S_low": -3.3956987025700496, "S_mid": 30.29438507697654, "S_neg": -13.511321165299197, "buffer": 10.244063707535627, "gamma": 8.784409277612806, "holdFactor": 35.19531601256602, "k": 26.2467743263342, "lookbackwindow": 123.20412463386194, "max_order_AS_size": 226.16843274631307, "sigma": 2.96997931228175, "zscorethreshold": 1.9300311907749759}, "datetime": {"datetime": "2025-04-13 10:22:22", "elapsed": 234.796262, "delta": 0.003002}}
{"target": -1000000000.0, "params": {"K_high": 1.1839801068998368, "K_low": -8.695908174790159, "K_mid": 18.61086193481208, "K_neg": 6.37023049893957, "S_high": 21.5942017383133, "S_low": -0.04374983931419507, "S_mid": 4.30840062826956, "S_neg": -6.504214659061006, "buffer": 41.105158030011275, "gamma": 3.8351790747002448, "holdFactor": 31.046912851920567, "k": 28.969822963123537, "lookbackwindow": 105.8643972682061, "max_order_AS_size": 262.1414859661759, "sigma": 1.574275916169151, "zscorethreshold": 1.9821360475845984}, "datetime": {"datetime": "2025-04-13 10:22:22", "elapsed": 234.800256, "delta": 0.003994}}
{"target": -1000000000.0, "params": {"K_high": 23.145975298658186, "K_low": 2.6916483510060747, "K_mid": 31.936774968674175, "K_neg": -19.8055058942148, "S_high": 36.61209372944102, "S_low": 0.6605773449227996, "S_mid": 6.402397431130385, "S_neg": -4.509144973391074, "buffer": 39.66306752191272, "gamma": 3.20177868682189, "holdFactor": 34.301452354250245, "k": 27.278154388207227, "lookbackwindow": 142.06772125201542, "max_order_AS_size": 491.7772148848958, "sigma": 1.2814230560975168, "zscorethreshold": 0.505039171006225}, "datetime": {"datetime": "2025-04-13 10:22:22", "elapsed": 234.803261, "delta": 0.003005}}
{"target": -1000000000.0, "params": {"K_high": 7.450571085597242, "K_low": 7.879794200157409, "K_mid": 26.20627283776598, "K_neg": -32.242681555664085, "S_high": 17.668904392897126, "S_low": 2.30596050139604, "S_mid": 3.430216991076393, "S_neg": 5.003234788774272, "buffer": 40.180176772076756, "gamma": 5.07680739708755, "holdFactor": 38.688351948840904, "k": 13.115068398977892, "lookbackwindow": 492.1346079230664, "max_order_AS_size": 334.2920794030099, "sigma": 2.269342546507883, "zscorethreshold": 0.4148872382394625}, "datetime": {"datetime": "2025-04-13 10:22:22", "elapsed": 234.805595, "delta": 0.002334}}
{"target": -1000000000.0, "params": {"K_high": 35.288917556355294, "K_low": -1.450206241587697, "K_mid": 6.5731128907209255, "K_neg": -39.357016481236286, "S_high": 22.434251777171465, "S_low": 0.547992442453527, "S_mid": 28.802209532529428, "S_neg": 5.403160703907908, "buffer": 3.9703292321514763, "gamma": 7.3283900788866045, "holdFactor": 7.5777365694935295, "k": 25.887134541557757, "lookbackwindow": 410.4364393615198, "max_order_AS_size": 270.85608373778666, "sigma": 2.420485597246623, "zscorethreshold": 0.7858752829593709}, "datetime": {"datetime": "2025-04-13 10:22:22", "elapsed": 234.808591, "delta": 0.002996}}
{"target": 8726.0, "params": {"K_high": 18.899599167419304, "K_low": 6.432737954209433, "K_mid": 18.424681367211235, "K_neg": -21.75228846840247, "S_high": 19.819076645286966, "S_low": 6.564985048744369, "S_mid": 13.474801090097822, "S_neg": -31.138158750077068, "buffer": 35.60070101653904, "gamma": 8.268483216445414, "holdFactor": 4.11543539308898, "k": 7.956349269922397, "lookbackwindow": 75.27613493169198, "max_order_AS_size": 174.62276437950115, "sigma": 1.9007019578108253, "zscorethreshold": 1.8720658424082661}, "datetime": {"datetime": "2025-04-13 10:22:33", "elapsed": 246.291853, "delta": 11.483262}}
{"target": -1000000000.0, "params": {"K_high": 26.0807886367788, "K_low": 2.418571349568623, "K_mid": 14.159760369725209, "K_neg": 2.913825207322759, "S_high": 18.904357979186766, "S_low": 9.58209876030309, "S_mid": 25.4022713179999, "S_neg": -33.56049818021036, "buffer": 33.8088781037717, "gamma": 3.2847849535454046, "holdFactor": 27.48445514777529, "k": 3.0195932967097665, "lookbackwindow": 91.5663114020999, "max_order_AS_size": 428.0128921939874, "sigma": 1.4543591140470298, "zscorethreshold": 2.09260281310735}, "datetime": {"datetime": "2025-04-13 10:22:33", "elapsed": 246.29486, "delta": 0.003007}}
{"target": -1000000000.0, "params": {"K_high": 11.243115929330976, "K_low": 2.8576382011741526, "K_mid": 27.796607883042256, "K_neg": -13.854607589602299, "S_high": 12.281896000199577, "S_low": -5.747112472578078, "S_mid": 1.4242552470408063, "S_neg": -24.498733536723087, "buffer": 32.65813952656415, "gamma": 9.386132943562403, "holdFactor": 34.861058842295776, "k": 23.215878519523773, "lookbackwindow": 395.28143491038287, "max_order_AS_size": 332.82746683452166, "sigma": 1.520573715132006, "zscorethreshold": 2.2679875767645745}, "datetime": {"datetime": "2025-04-13 10:22:33", "elapsed": 246.297861, "delta": 0.003001}}
{"target": -1000000000.0, "params": {"K_high": 26.86221924504278, "K_low": 1.2088126196087998, "K_mid": 4.5284798216178945, "K_neg": -17.200167265872302, "S_high": 18.46829502095686, "S_low": 7.291272190453398, "S_mid": 21.91126398549276, "S_neg": -20.59957200250911, "buffer": 48.840016425532966, "gamma": 1.151669903596841, "holdFactor": 16.95968228964659, "k": 2.2187155799707536, "lookbackwindow": 371.2525397796305, "max_order_AS_size": 459.12019954737616, "sigma": 1.5600746591009789, "zscorethreshold": 2.145854191997802}, "datetime": {"datetime": "2025-04-13 10:22:33", "elapsed": 246.300371, "delta": 0.00251}}
{"target": -1000000000.0, "params": {"K_high": 11.75950739542972, "K_low": 8.215403232878305, "K_mid": 30.18307995351168, "K_neg": 1.0502456189133724, "S_high": 0.8184615684581344, "S_low": 9.25620714148052, "S_mid": 29.0941725836059, "S_neg": -24.4576941353072, "buffer": 41.46973324294235, "gamma": 2.8511359242285526, "holdFactor": 34.92287819868851, "k": 4.264831321946174, "lookbackwindow": 353.3245588430939, "max_order_AS_size": 270.80853984581023, "sigma": 1.1930689403908816, "zscorethreshold": 0.6047345706470975}, "datetime": {"datetime": "2025-04-13 10:22:33", "elapsed": 246.303383, "delta": 0.003012}}
{"target": -1000000000.0, "params": {"K_high": 0.5949210474648601, "K_low": -0.6246406907098834, "K_mid": 12.120483904324015, "K_neg": -9.483768300814301, "S_high": 11.959788527573824, "S_low": -4.001617769860307, "S_mid": 29.753408629390975, "S_neg": -37.544715365103976, "buffer": 45.144749759599364, "gamma": 8.530025550192256, "holdFactor": 26.74540686073362, "k": 18.203425533114146, "lookbackwindow": 446.68973657912784, "max_order_AS_size": 93.47975958482851, "sigma": 1.1579383243816572, "zscorethreshold": 0.5987754247738453}, "datetime": {"datetime": "2025-04-13 10:22:33", "elapsed": 246.305378, "delta": 0.001995}}
