{"target": -1000000000.0, "params": {"K_high": 15.044150742009762, "K_low": 9.014286128198322, "K_mid": 29.306558278275062, "K_neg": -9.468417305951135, "S_high": 6.325143753653217, "S_low": -6.880109593275947, "S_mid": 2.4175361255111585, "S_neg": 4.1749834345216925, "buffer": 30.05575058716044, "gamma": 7.095322149070652, "holdFactor": 0.9213213224025176, "k": 29.127385712697837, "lookbackwindow": 417.05910719620874, "max_order_AS_size": 106.9572162284598, "sigma": 1.3636499344142012, "zscorethreshold": 0.45851127463358454}, "datetime": {"datetime": "2025-04-13 10:18:27", "elapsed": 0.0, "delta": 0.0}}
{"target": -1000000000.0, "params": {"K_high": 12.239265494085554, "K_low": 0.49512863264475726, "K_mid": 17.33460624382042, "K_neg": -25.147313849899863, "S_high": 24.512930499422943, "S_low": -7.210122786959163, "S_mid": 11.756571476555203, "S_neg": -21.315545992021722, "buffer": 22.803499210851797, "gamma": 7.862500815860485, "holdFactor": 8.066983908118553, "k": 15.912798713994736, "lookbackwindow": 298.24521158671104, "max_order_AS_size": 24.178755947278866, "sigma": 2.2150897038028767, "zscorethreshold": 0.4263103092182288}, "datetime": {"datetime": "2025-04-13 10:18:27", "elapsed": 0.004, "delta": 0.004}}
{"target": -1000000000.0, "params": {"K_high": 2.695558560112653, "K_low": 8.977710745066666, "K_mid": 38.62871811967492, "K_neg": 1.22826475393952, "S_high": 12.254089390017489, "S_low": -8.046557719872322, "S_mid": 27.40089775783506, "S_neg": -17.552222819280335, "buffer": 6.101911742238942, "gamma": 4.977010255607138, "holdFactor": 1.472101992497214, "k": 27.37029166028468, "lookbackwindow": 133.09609089200836, "max_order_AS_size": 331.59861989263703, "sigma": 1.623422152178822, "zscorethreshold": 1.300170052944527}, "datetime": {"datetime": "2025-04-13 10:18:27", "elapsed": 0.007003, "delta": 0.003003}}
{"target": -1000000000.0, "params": {"K_high": 21.913740145796858, "K_low": -6.302910889489459, "K_mid": 38.78642664780589, "K_neg": -0.46822600858315866, "S_high": 37.58600776841114, "S_low": 7.896547008552975, "S_mid": 23.9562091545623, "S_neg": 7.015585986178955, "buffer": 4.424625102595975, "gamma": 2.0000294810704946, "holdFactor": 1.9045688275304689, "k": 10.434579592134666, "lookbackwindow": 197.3952583962936, "max_order_AS_size": 136.40316685517405, "sigma": 2.6574750183038587, "zscorethreshold": 0.8918833167339733}, "datetime": {"datetime": "2025-04-13 10:18:27", "elapsed": 0.008997, "delta": 0.001994}}
{"target": -1000000000.0, "params": {"K_high": 11.309286936526492, "K_low": 0.8539216631649698, "K_mid": 5.722876576493029, "K_neg": 0.9120460184560244, "S_high": 3.0745706828228556, "S_low": 9.737738732010346, "S_mid": 30.91256629493663, "S_neg": -29.865500241757207, "buffer": 0.27610585618011996, "gamma": 8.1638412131256, "holdFactor": 28.303608019519924, "k": 22.14120787318863, "lookbackwindow": 386.7788216095431, "max_order_AS_size": 37.94828121531109, "sigma": 1.7169314570885452, "zscorethreshold": 0.2896726488128243}, "datetime": {"datetime": "2025-04-13 10:18:27", "elapsed": 0.011005, "delta": 0.002008}}
{"target": -1000000000.0, "params": {"K_high": 34.537826692436184, "K_low": 2.4659625365511584, "K_mid": 13.302831191620701, "K_neg": -36.75852413541279, "S_high": 12.50819463645492, "S_low": -3.496333559465059, "S_mid": 29.211286515688755, "S_neg": -7.484568960884133, "buffer": 44.36063712881633, "gamma": 4.748538505361395, "holdFactor": 4.871810412938237, "k": 21.684098829466855, "lookbackwindow": 381.58859906536424, "max_order_AS_size": 281.07732158717863, "sigma": 2.541934359909122, "zscorethreshold": 1.2344889909109769}, "datetime": {"datetime": "2025-04-13 10:18:27", "elapsed": 0.013009, "delta": 0.002004}}
{"target": -1000000000.0, "params": {"K_high": 20.957039892341562, "K_low": -1.4491796328290079, "K_mid": 1.1142231570893981, "K_neg": -34.497537223341475, "S_high": 1.3540245089006966, "S_low": 2.7282082252756084, "S_mid": 12.642803644945433, "S_neg": -14.062894750600158, "buffer": 45.37832369630465, "gamma": 2.5304576800313052, "holdFactor": 16.474278629121628, "k": 22.91098301774841, "lookbackwindow": 118.25509191835312, "max_order_AS_size": 39.412975004567706, "sigma": 1.579502905827536, "zscorethreshold": 0.40305321813501105}, "datetime": {"datetime": "2025-04-13 10:18:27", "elapsed": 0.015008, "delta": 0.001999}}
{"target": -1000000000.0, "params": {"K_high": 37.194936328468664, "K_low": 6.162407591288339, "K_mid": 25.372809884765896, "K_neg": 4.444490099573606, "S_high": 32.166515868274665, "S_low": -6.268598822279284, "S_mid": 35.713104039750114, "S_neg": -12.493545662301813, "buffer": 40.372007758203125, "gamma": 8.966108434238757, "holdFactor": 12.788338651377368, "k": 4.191505811302626, "lookbackwindow": 117.82790545826113, "max_order_AS_size": 214.1267865245019, "sigma": 2.6360295318449865, "zscorethreshold": 2.1518264581408584}, "datetime": {"datetime": "2025-04-13 10:18:27", "elapsed": 0.017008, "delta": 0.002}}
{"target": -1000000000.0, "params": {"K_high": 0.3773900081945091, "K_low": 0.21494605155131552, "K_mid": 16.75469902563628, "K_neg": -28.672501665992755, "S_high": 4.882628156613944, "S_low": -3.247696571927441, "S_mid": 37.722097186109515, "S_neg": -23.516650466941485, "buffer": 25.939531087168305, "gamma": 7.045038641007019, "holdFactor": 14.608821134933828, "k": 29.181680398907858, "lookbackwindow": 481.41141099634507, "max_order_AS_size": 126.63936561685671, "sigma": 1.994497011784771, "zscorethreshold": 0.7521957745419241}, "datetime": {"datetime": "2025-04-13 10:18:27", "elapsed": 0.019008, "delta": 0.002}}
{"target": -1000000000.0, "params": {"K_high": 11.465135725660957, "K_low": -9.262261052909345, "K_mid": 24.421616925797885, "K_neg": -14.363369815328063, "S_high": 2.154002174874575, "S_low": -4.427070715267771, "S_mid": 36.33980885006948, "S_neg": -27.782343575984406, "buffer": 7.244743604561155, "gamma": 4.920054964761752, "holdFactor": 39.42745311901297, "k": 8.019602873833513, "lookbackwindow": 337.7070959659099, "max_order_AS_size": 381.04818804903005, "sigma": 1.4752750879847993, "zscorethreshold": 1.820540871529649}, "datetime": {"datetime": "2025-04-13 10:18:27", "elapsed": 0.022009, "delta": 0.003001}}
{"target": -1000000000.0, "params": {"K_high": 14.774546995498202, "K_low": 2.646116611871589, "K_mid": 25.377835459359698, "K_neg": -12.675491112187316, "S_high": 3.7025618251708914, "S_low": 6.70604991178476, "S_mid": 12.899124592372258, "S_neg": -30.487555969607435, "buffer": 2.038757077738196, "gamma": 5.9293847847230055, "holdFactor": 27.13481803750707, "k": 1.4810470389078283, "lookbackwindow": 258.4860638581441, "max_order_AS_size": 114.02139182377104, "sigma": 2.2903455808189, "zscorethreshold": 0.4359160725124786}, "datetime": {"datetime": "2025-04-13 10:18:27", "elapsed": 0.024007, "delta": 0.001998}}
{"target": -1000000000.0, "params": {"K_high": 27.668415750288393, "K_low": -2.265293073989252, "K_mid": 37.47552655059571, "K_neg": -32.986431848554346, "S_high": 13.708547406905314, "S_low": -7.730529575188219, "S_mid": 36.995275369314655, "S_neg": 4.7443070224300286, "buffer": 12.89708138575778, "gamma": 6.616841258040081, "holdFactor": 32.70716578802851, "k": 17.100823536384407, "lookbackwindow": 267.1770362862232, "max_order_AS_size": 121.68429315932539, "sigma": 1.1862055356117984, "zscorethreshold": 2.2430393948833167}, "datetime": {"datetime": "2025-04-13 10:18:27", "elapsed": 0.026013, "delta": 0.002006}}
{"target": -1000000000.0, "params": {"K_high": 36.026680480816886, "K_low": 2.6620291454653593, "K_mid": 13.627288662843156, "K_neg": -22.190311694754296, "S_high": 29.065631586922553, "S_low": 7.942205199051543, "S_mid": 35.49474832817818, "S_neg": -0.22634716126118093, "buffer": 32.10158230771439, "gamma": 0.8871926517007359, "holdFactor": 6.548985692375089, "k": 27.0580714672853, "lookbackwindow": 305.182384531497, "max_order_AS_size": 5.589328756698194, "sigma": 1.2029430857320642, "zscorethreshold": 1.6587544227701394}, "datetime": {"datetime": "2025-04-13 10:18:27", "elapsed": 0.02801, "delta": 0.001997}}
{"target": -1000000000.0, "params": {"K_high": 0.3019571954641256, "K_low": -6.783838971650027, "K_mid": 21.99447819572679, "K_neg": -4.713344917672643, "S_high": 26.113254254153762, "S_low": -5.514613810788804, "S_mid": 28.51595093176668, "S_neg": -27.900296537663195, "buffer": 16.269984907963387, "gamma": 7.4775894809243395, "holdFactor": 26.020352671983865, "k": 25.62747890433116, "lookbackwindow": 330.51838168867, "max_order_AS_size": 284.5859930644003, "sigma": 1.187349535656185, "zscorethreshold": 0.9192895076485839}, "datetime": {"datetime": "2025-04-13 10:18:27", "elapsed": 0.030228, "delta": 0.002218}}
{"target": -1000000000.0, "params": {"K_high": 10.681574470500845, "K_low": -5.1202071324183285, "K_mid": 38.923121134622576, "K_neg": -19.95201604199522, "S_high": 35.69265755156682, "S_low": 2.622772519945258, "S_mid": 31.812971011311774, "S_neg": -14.365508251635202, "buffer": 28.845194231317954, "gamma": 4.950551053497695, "holdFactor": 7.890195213141975, "k": 21.951111342583655, "lookbackwindow": 143.98231940822362, "max_order_AS_size": 13.133667249295465, "sigma": 2.290944591814336, "zscorethreshold": 0.44277669851762236}, "datetime": {"datetime": "2025-04-13 10:18:27", "elapsed": 0.032232, "delta": 0.002004}}
{"target": -1000000000.0, "params": {"K_high": 37.62429751568128, "K_low": 9.078571540051747, "K_mid": 36.603089169795894, "K_neg": -21.121906286972337, "S_high": 0.7167189995018104, "S_low": 8.566371251754507, "S_mid": 17.184547517860842, "S_neg": 9.299395771227147, "buffer": 48.18099885446264, "gamma": 8.537444081900233, "holdFactor": 11.848510793576468, "k": 12.167834129455832, "lookbackwindow": 426.3126524008442, "max_order_AS_size": 159.14408057298255, "sigma": 1.338985493372185, "zscorethreshold": 1.3920031561458754}, "datetime": {"datetime": "2025-04-13 10:18:27", "elapsed": 0.034227, "delta": 0.001995}}
{"target": -1000000000.0, "params": {"K_high": 37.45257548901516, "K_low": 3.9205959334994596, "K_mid": 22.845440686565663, "K_neg": -35.043998817690806, "S_high": 24.638788345296874, "S_low": 9.801077002085265, "S_mid": 5.689352207937308, "S_neg": -13.565187729449427, "buffer": 43.86865359639777, "gamma": 7.420647746654334, "holdFactor": 27.910928065711193, "k": 21.37203843562617, "lookbackwindow": 182.94811985377882, "max_order_AS_size": 147.50233028798218, "sigma": 2.6187223109570272, "zscorethreshold": 2.025283486697952}, "datetime": {"datetime": "2025-04-13 10:18:27", "elapsed": 0.036229, "delta": 0.002002}}
{"target": 7986.0, "params": {"K_high": 34.69618551134614, "K_low": 8.264811051129428, "K_mid": 20.50256171455142, "K_neg": -14.42266897095282, "S_high": 31.951977640774327, "S_low": 2.999278615555303, "S_mid": 28.108478402582364, "S_neg": 0.5854261412411503, "buffer": 44.50026709087832, "gamma": 3.4130518106727807, "holdFactor": 15.085759810333766, "k": 3.725476255385201, "lookbackwindow": 291.2486697931061, "max_order_AS_size": 18.9351946245743, "sigma": 1.9311960362649203, "zscorethreshold": 1.3566115867689414}, "datetime": {"datetime": "2025-04-13 10:18:39", "elapsed": 11.476342, "delta": 11.440113}}
{"target": -1000000000.0, "params": {"K_high": 11.532995959918548, "K_low": 1.816665211380215, "K_mid": 1.3169599725680723, "K_neg": -38.095242373790065, "S_high": 32.921762370320366, "S_low": -2.7961871717747417, "S_mid": 5.169714454810202, "S_neg": -13.365593737204978, "buffer": 38.499677654930544, "gamma": 2.1974192235935894, "holdFactor": 24.95332998517811, "k": 3.475076484819272, "lookbackwindow": 30.58245197846081, "max_order_AS_size": 266.14596115250583, "sigma": 2.081270243220213, "zscorethreshold": 1.5935747537455165}, "datetime": {"datetime": "2025-04-13 10:18:39", "elapsed": 11.480308, "delta": 0.003966}}
{"target": 8729.0, "params": {"K_high": 29.071044215534197, "K_low": 9.517041589250692, "K_mid": 20.700383897217694, "K_neg": -23.529219879996457, "S_high": 31.827929171271276, "S_low": -4.583354974758516, "S_mid": 17.614959686154883, "S_neg": -35.998724551544434, "buffer": 1.2675371707728755, "gamma": 9.628351726045354, "holdFactor": 33.45560680843701, "k": 21.18325197671724, "lookbackwindow": 207.43170748506358, "max_order_AS_size": 87.47386571535205, "sigma": 1.312874085342172, "zscorethreshold": 0.6256072454114883}, "datetime": {"datetime": "2025-04-13 10:18:49", "elapsed": 22.132446, "delta": 10.652138}}
{"target": -1000000000.0, "params": {"K_high": 22.014143921774206, "K_low": 4.291918454001246, "K_mid": 26.44187533103748, "K_neg": -25.723371255756916, "S_high": 38.199124698461446, "S_low": 4.757938333915369, "S_mid": 22.21872669520489, "S_neg": -8.802241942048035, "buffer": 20.980003121389494, "gamma": 2.5149233455365163, "holdFactor": 14.303309878185337, "k": 22.977537203466703, "lookbackwindow": 12.124776871729155, "max_order_AS_size": 58.9202476129512, "sigma": 1.0920052840435055, "zscorethreshold": 0.10182200579742534}, "datetime": {"datetime": "2025-04-13 10:18:49", "elapsed": 22.136413, "delta": 0.003967}}
{"target": 8726.0, "params": {"K_high": 34.232877302039185, "K_low": 4.073157187600474, "K_mid": 19.019535780584278, "K_neg": -35.010457806798925, "S_high": 19.71547341716161, "S_low": -0.5305645843886868, "S_mid": 7.010754609409605, "S_neg": -17.873565888863375, "buffer": 19.92523671986867, "gamma": 6.1777084756195535, "holdFactor": 25.440236669618987, "k": 2.313816283389291, "lookbackwindow": 190.43324424010325, "max_order_AS_size": 313.30409794140394, "sigma": 2.006272517160175, "zscorethreshold": 2.1412246029708055}, "datetime": {"datetime": "2025-04-13 10:19:00", "elapsed": 32.814758, "delta": 10.678345}}
{"target": -1000000000.0, "params": {"K_high": 26.381875901595905, "K_low": -6.741311458371406, "K_mid": 2.915693021277151, "K_neg": -7.2366168114779015, "S_high": 1.1578012906107105, "S_low": 1.715511625469265, "S_mid": 37.61518663285581, "S_neg": -10.650816928330173, "buffer": 19.408496310326097, "gamma": 6.450717773501413, "holdFactor": 18.384290330611513, "k": 16.822886890162113, "lookbackwindow": 471.02508034437994, "max_order_AS_size": 193.66521626258634, "sigma": 2.9223811276478284, "zscorethreshold": 2.2633766048901593}, "datetime": {"datetime": "2025-04-13 10:19:00", "elapsed": 32.817765, "delta": 0.003007}}
{"target": -1000000000.0, "params": {"K_high": 7.912066278092928, "K_low": -8.612773982496691, "K_mid": 4.121042254959323, "K_neg": -39.07068689177096, "S_high": 3.8682741341615428, "S_low": 3.6601354683271374, "S_mid": 2.9404270735631366, "S_neg": -23.732242855018175, "buffer": 42.24376554847273, "gamma": 0.28155576057146736, "holdFactor": 32.597292455298536, "k": 9.173788468428597, "lookbackwindow": 63.49158967271985, "max_order_AS_size": 348.6718455167112, "sigma": 2.2578856935597678, "zscorethreshold": 2.1936800338176323}, "datetime": {"datetime": "2025-04-13 10:19:00", "elapsed": 32.819764, "delta": 0.001999}}
{"target": -1000000000.0, "params": {"K_high": 29.429334647775043, "K_low": 6.06961860769697, "K_mid": 11.353179445595128, "K_neg": -30.950583267234137, "S_high": 30.04952859047025, "S_low": 6.136694785345281, "S_mid": 39.62115516582686, "S_neg": -18.95649847751725, "buffer": 18.600904289639157, "gamma": 7.775308959382868, "holdFactor": 13.69806125609541, "k": 27.991962442503375, "lookbackwindow": 429.91431216229086, "max_order_AS_size": 215.06801966013415, "sigma": 2.5017421355829947, "zscorethreshold": 1.8863571852117058}, "datetime": {"datetime": "2025-04-13 10:19:00", "elapsed": 32.821764, "delta": 0.002}}
{"target": -1000000000.0, "params": {"K_high": 4.2146423665537105, "K_low": 8.051058133591333, "K_mid": 20.259569660669502, "K_neg": 2.1493307714948244, "S_high": 12.869979081121409, "S_low": 7.9104645699240095, "S_mid": 15.629146981493108, "S_neg": -39.447279774504786, "buffer": 45.26909882096318, "gamma": 0.9583024340220289, "holdFactor": 12.840614139857552, "k": 28.551797044473343, "lookbackwindow": 475.55053773409026, "max_order_AS_size": 287.1455061735198, "sigma": 2.2636744243395985, "zscorethreshold": 1.1211138049457994}, "datetime": {"datetime": "2025-04-13 10:19:00", "elapsed": 32.823764, "delta": 0.002}}
{"target": -1000000000.0, "params": {"K_high": 11.799109790752775, "K_low": -3.4267090926016808, "K_mid": 26.933486397473832, "K_neg": -1.6288989986783164, "S_high": 31.68400384466136, "S_low": 5.792362855891078, "S_mid": 3.7391235116427457, "S_neg": -14.784564460168344, "buffer": 2.877938000832214, "gamma": 5.517812379121168, "holdFactor": 17.717067004797745, "k": 26.743421299990693, "lookbackwindow": 178.70293121327896, "max_order_AS_size": 59.41644119737533, "sigma": 1.2859833641056717, "zscorethreshold": 1.9037765792936807}, "datetime": {"datetime": "2025-04-13 10:19:00", "elapsed": 32.82677, "delta": 0.003006}}
{"target": -1000000000.0, "params": {"K_high": 24.766900726318816, "K_low": -7.977546477544195, "K_mid": 3.4558615639883974, "K_neg": -4.250574295584883, "S_high": 3.003243953931322, "S_low": 6.437201185807126, "S_mid": 28.2790648635442, "S_neg": -35.851212187263116, "buffer": 4.241885704259596, "gamma": 9.867063806086696, "holdFactor": 15.0334047506692, "k": 11.748622264939836, "lookbackwindow": 407.33578579246375, "max_order_AS_size": 473.6770401145455, "sigma": 2.972002127645742, "zscorethreshold": 1.883445463147354}, "datetime": {"datetime": "2025-04-13 10:19:00", "elapsed": 32.828773, "delta": 0.002003}}
{"target": -1000000000.0, "params": {"K_high": 15.112757462683538, "K_low": -8.329985666026625, "K_mid": 31.10816194550473, "K_neg": -11.521383263473943, "S_high": 17.026458168954356, "S_low": 8.12708770189472, "S_mid": 4.536779544015438, "S_neg": -14.876119681166184, "buffer": 0.5676822383709534, "gamma": 4.713173387841556, "holdFactor": 2.3465006997053104, "k": 4.445719571774086, "lookbackwindow": 63.17549215466692, "max_order_AS_size": 324.9559407559157, "sigma": 2.4920897585308466, "zscorethreshold": 1.458421912742899}, "datetime": {"datetime": "2025-04-13 10:19:00", "elapsed": 32.830763, "delta": 0.00199}}
{"target": -1000000000.0, "params": {"K_high": 38.49068468413422, "K_low": -2.5025884095259183, "K_mid": 11.499912242646243, "K_neg": 4.298555537662473, "S_high": 9.02147395692616, "S_low": 9.264450788812226, "S_mid": 0.584963540123672, "S_neg": 9.46382016208959, "buffer": 2.1579955975288057, "gamma": 8.916873981295808, "holdFactor": 21.155274252543364, "k": 29.79597908745971, "lookbackwindow": 41.529299544022436, "max_order_AS_size": 277.3732879162591, "sigma": 2.938605071238198, "zscorethreshold": 1.307744610425372}, "datetime": {"datetime": "2025-04-13 10:19:00", "elapsed": 32.832771, "delta": 0.002008}}
{"target": -1000000000.0, "params": {"K_high": 25.213005661596977, "K_low": 3.9149737796923425, "K_mid": 18.23618848423415, "K_neg": -7.994537915712762, "S_high": 23.4141410457317, "S_low": 8.023160209819778, "S_mid": 1.913310575624169, "S_neg": -25.67087733079625, "buffer": 47.520574203827934, "gamma": 8.908124649714617, "holdFactor": 18.280704436149946, "k": 18.983845336244567, "lookbackwindow": 142.30368557566067, "max_order_AS_size": 94.87245870215689, "sigma": 1.9273968098799643, "zscorethreshold": 0.883380570065132}, "datetime": {"datetime": "2025-04-13 10:19:00", "elapsed": 32.834763, "delta": 0.001992}}
{"target": -1000000000.0, "params": {"K_high": 23.387878862849796, "K_low": -8.445307260700304, "K_mid": 38.978352825880044, "K_neg": 10.296747968459748, "S_high": 27.95665238938783, "S_low": 0.7219273268824082, "S_mid": 12.450151889824475, "S_neg": 1.5035460050543819, "buffer": 34.23655862769397, "gamma": 1.6680385464816683, "holdFactor": 36.44599466130431, "k": 24.8535800447719, "lookbackwindow": 475.1509570795024, "max_order_AS_size": 363.1340346857916, "sigma": 2.2268303918715797, "zscorethreshold": 1.0456075907265472}, "datetime": {"datetime": "2025-04-13 10:19:00", "elapsed": 32.836763, "delta": 0.002}}
{"target": -1000000000.0, "params": {"K_high": 37.315866485825126, "K_low": 7.321277790008168, "K_mid": 1.9042249372369573, "K_neg": -38.65528430064015, "S_high": 15.120888338434177, "S_low": 6.211066615636657, "S_mid": 39.49231755966628, "S_neg": -32.328738553720065, "buffer": 29.706535767606756, "gamma": 3.8398640234786634, "holdFactor": 38.79958447280267, "k": 25.42144877093555, "lookbackwindow": 419.9727088320132, "max_order_AS_size": 234.87788673769018, "sigma": 1.8296390046753304, "zscorethreshold": 0.6835176798267656}, "datetime": {"datetime": "2025-04-13 10:19:00", "elapsed": 32.838763, "delta": 0.002}}
{"target": -1000000000.0, "params": {"K_high": 2.349382316371992, "K_low": 7.294447525101063, "K_mid": 32.534750264290096, "K_neg": 10.985601337592662, "S_high": 39.86580979924882, "S_low": 1.108634112052549, "S_mid": 30.78259786570237, "S_neg": 8.18305222400383, "buffer": 42.482369533870575, "gamma": 2.511113612344816, "holdFactor": 18.07671099887273, "k": 4.7456230393933545, "lookbackwindow": 477.2552584930676, "max_order_AS_size": 303.4811425909891, "sigma": 1.4572856110069254, "zscorethreshold": 1.6792517110146419}, "datetime": {"datetime": "2025-04-13 10:19:00", "elapsed": 32.840989, "delta": 0.002226}}
{"target": 8094.0, "params": {"K_high": 24.763316794270043, "K_low": -2.8367456393431905, "K_mid": 4.630947928765197, "K_neg": -5.749767024767223, "S_high": 20.860277266061352, "S_low": 5.446367834712786, "S_mid": 20.854523694368538, "S_neg": 3.461256516245548, "buffer": 27.595341938724278, "gamma": 5.631332816777093, "holdFactor": 35.078478746067965, "k": 12.701003120159514, "lookbackwindow": 71.33753808306716, "max_order_AS_size": 15.362555480356148, "sigma": 2.5102745113472382, "zscorethreshold": 1.5507738783836618}, "datetime": {"datetime": "2025-04-13 10:19:10", "elapsed": 43.282882, "delta": 10.441893}}
