{"target": -1000000000.0, "params": {"K_high": 28.192782747159022, "K_low": -5.740716769821786, "K_mid": 5.541221875912113, "K_neg": -39.25822205093802, "S_high": 14.088443596383218, "S_low": 1.7983537370926612, "S_mid": 15.750537399479319, "S_neg": -17.688778976789816, "buffer": 45.20793472468742, "gamma": 3.515141896881838, "holdFactor": 20.608180617476453, "k": 23.72593736949315, "lookbackwindow": 201.28867724902872, "max_order_AS_size": 311.42126341370886, "sigma": 2.72472741749349, "zscorethreshold": 2.3738015591441055}, "datetime": {"datetime": "2025-04-13 10:19:10", "elapsed": 43.285902, "delta": 0.00302}}
{"target": -1000000000.0, "params": {"K_high": 5.968231889068613, "K_low": 8.531752503229889, "K_mid": 19.735440093873574, "K_neg": -26.829536196753125, "S_high": 18.419516673906628, "S_low": 9.600651505709543, "S_mid": 19.755461950315496, "S_neg": -23.23366787533708, "buffer": 31.67004271583629, "gamma": 2.4394489068430207, "holdFactor": 3.1269467915356906, "k": 4.737511935408827, "lookbackwindow": 68.38269028409735, "max_order_AS_size": 76.79944406263488, "sigma": 1.2776543452988203, "zscorethreshold": 1.6021868620080366}, "datetime": {"datetime": "2025-04-13 10:19:10", "elapsed": 43.288888, "delta": 0.002986}}
{"target": -1000000000.0, "params": {"K_high": 7.357015367525878, "K_low": -3.086654333522736, "K_mid": 35.88185755524987, "K_neg": -15.82795634659351, "S_high": 26.735553766988986, "S_low": -6.553602575967403, "S_mid": 7.772331850465963, "S_neg": -37.91570057040958, "buffer": 8.446753153608228, "gamma": 2.821973873367988, "holdFactor": 7.162718322642197, "k": 3.5723734789546127, "lookbackwindow": 64.7147561947974, "max_order_AS_size": 230.92860524833017, "sigma": 1.412667436811585, "zscorethreshold": 0.9106746526201887}, "datetime": {"datetime": "2025-04-13 10:19:10", "elapsed": 43.290888, "delta": 0.002}}
{"target": -1000000000.0, "params": {"K_high": 20.18634910710879, "K_low": 3.807896572587307, "K_mid": 1.6685543796598477, "K_neg": 0.7699303443611711, "S_high": 25.15322554068722, "S_low": -8.364819361022562, "S_mid": 34.95578710186041, "S_neg": 6.964492427122472, "buffer": 3.0538979927431873, "gamma": 2.8049325990646765, "holdFactor": 32.267431063743146, "k": 22.69953102112609, "lookbackwindow": 96.33790458140678, "max_order_AS_size": 105.46531234501845, "sigma": 1.740944205582764, "zscorethreshold": 1.2113074629775533}, "datetime": {"datetime": "2025-04-13 10:19:10", "elapsed": 43.294025, "delta": 0.003137}}
{"target": -1000000000.0, "params": {"K_high": 24.76836538405881, "K_low": -2.621727208604552, "K_mid": 18.555135173712603, "K_neg": -1.87898215517842, "S_high": 1.563659795334856, "S_low": -4.951261113119585, "S_mid": 28.562648476793644, "S_neg": 5.655548722047165, "buffer": 25.583872105783307, "gamma": 5.34452917838989, "holdFactor": 4.376163252457064, "k": 13.974958637880185, "lookbackwindow": 268.64554689523646, "max_order_AS_size": 121.9927813137301, "sigma": 1.538486461898762, "zscorethreshold": 0.9432104077615566}, "datetime": {"datetime": "2025-04-13 10:19:10", "elapsed": 43.297031, "delta": 0.003006}}
{"target": -1000000000.0, "params": {"K_high": 0.900840791331282, "K_low": -3.5584166883364343, "K_mid": 8.53677547916213, "K_neg": -23.29763503892635, "S_high": 4.878509059588123, "S_low": 7.810545614797899, "S_mid": 23.784338896806542, "S_neg": -5.365781723631031, "buffer": 39.45856193036691, "gamma": 5.009499879344119, "holdFactor": 3.5681194946882053, "k": 16.576089712737886, "lookbackwindow": 295.48635342033515, "max_order_AS_size": 372.97429761798065, "sigma": 1.8633190924593588, "zscorethreshold": 0.3189507569889094}, "datetime": {"datetime": "2025-04-13 10:19:10", "elapsed": 43.299032, "delta": 0.002001}}
{"target": -1000000000.0, "params": {"K_high": 11.422658641369106, "K_low": -2.738354072027298, "K_mid": 25.872097929130888, "K_neg": -10.890306461885494, "S_high": 14.308259363324064, "S_low": 9.730304975859593, "S_mid": 24.2704152923398, "S_neg": -27.90143362146428, "buffer": 5.089123631020187, "gamma": 1.5709484348841036, "holdFactor": 9.913713362541873, "k": 5.659759824527114, "lookbackwindow": 97.35067690539636, "max_order_AS_size": 143.2624891782297, "sigma": 1.3467471905895096, "zscorethreshold": 2.241913561566063}, "datetime": {"datetime": "2025-04-13 10:19:10", "elapsed": 43.302031, "delta": 0.002999}}
{"target": -1000000000.0, "params": {"K_high": 3.301326451899524, "K_low": 0.4902277914050934, "K_mid": 16.474833396887494, "K_neg": 10.101309462338925, "S_high": 4.570352196505288, "S_low": -2.042888019085167, "S_mid": 38.78187028768722, "S_neg": 4.140863420592993, "buffer": 40.853603547464, "gamma": 2.616133129097151, "holdFactor": 6.9184147368636255, "k": 20.390653377808498, "lookbackwindow": 465.04111461815495, "max_order_AS_size": 278.824683613951, "sigma": 2.1432253789397997, "zscorethreshold": 0.6999477341507104}, "datetime": {"datetime": "2025-04-13 10:19:10", "elapsed": 43.304031, "delta": 0.002}}
{"target": 8786.0, "params": {"K_high": 30.802768034358284, "K_low": -6.259125028849533, "K_mid": 13.014801532529322, "K_neg": -18.302741630562743, "S_high": 20.353654109509755, "S_low": -5.151805351698395, "S_mid": 4.681989307094221, "S_neg": -8.858377835476738, "buffer": 14.431527662012789, "gamma": 5.833320303154991, "holdFactor": 6.259072339440672, "k": 14.953062953789708, "lookbackwindow": 268.631769113035, "max_order_AS_size": 26.859944874391026, "sigma": 1.6732085563878412, "zscorethreshold": 0.3360366923474356}, "datetime": {"datetime": "2025-04-13 10:19:21", "elapsed": 54.292413, "delta": 10.988382}}
{"target": -1000000000.0, "params": {"K_high": 2.628661321863433, "K_low": 9.799204647798906, "K_mid": 12.961918414491446, "K_neg": 1.3035967385863785, "S_high": 10.260162125074176, "S_low": 3.630054444478585, "S_mid": 30.433091609598495, "S_neg": -9.622424228999943, "buffer": 23.57880942750792, "gamma": 4.147817095765322, "holdFactor": 14.019843835065512, "k": 27.95634518318695, "lookbackwindow": 416.15660685492594, "max_order_AS_size": 482.5484284225898, "sigma": 1.2485944469710895, "zscorethreshold": 1.8271686880091107}, "datetime": {"datetime": "2025-04-13 10:19:21", "elapsed": 54.295419, "delta": 0.003006}}
{"target": -1000000000.0, "params": {"K_high": 37.53978422715941, "K_low": -6.3753386766867965, "K_mid": 2.753201067934422, "K_neg": -2.2028468862069914, "S_high": 23.021477215878484, "S_low": 6.836575535165441, "S_mid": 5.676917827388951, "S_neg": 0.5586329048543988, "buffer": 10.081366002387227, "gamma": 1.6783766315137598, "holdFactor": 6.6542053374466175, "k": 24.622666886710082, "lookbackwindow": 334.27262424461907, "max_order_AS_size": 262.00964695979053, "sigma": 1.717660968247005, "zscorethreshold": 2.1930013520327707}, "datetime": {"datetime": "2025-04-13 10:19:21", "elapsed": 54.296417, "delta": 0.000998}}
{"target": -1000000000.0, "params": {"K_high": 15.75855978616315, "K_low": 6.331988789431541, "K_mid": 17.621482851951715, "K_neg": -20.775834099329714, "S_high": 18.5609234482173, "S_low": -3.972442516717159, "S_mid": 29.92961426903242, "S_neg": -14.361260105283563, "buffer": 11.610634757340865, "gamma": 9.000767004081956, "holdFactor": 15.417259732791134, "k": 16.76303297230567, "lookbackwindow": 453.7036949274507, "max_order_AS_size": 312.4947599610821, "sigma": 1.2337960814167281, "zscorethreshold": 2.349580309033688}, "datetime": {"datetime": "2025-04-13 10:19:21", "elapsed": 54.299413, "delta": 0.002996}}
{"target": -1000000000.0, "params": {"K_high": 25.14555131754957, "K_low": -3.3018877068582775, "K_mid": 5.656955699269151, "K_neg": 0.49528465278509515, "S_high": 24.84090296154769, "S_low": 0.6692218395264309, "S_mid": 35.76631406373321, "S_neg": 0.21845777245106746, "buffer": 7.583743986637559, "gamma": 3.1516345745657044, "holdFactor": 10.014716678597182, "k": 22.574442484607633, "lookbackwindow": 21.598555194210793, "max_order_AS_size": 285.374952750787, "sigma": 2.524917371481381, "zscorethreshold": 2.1919140919043736}, "datetime": {"datetime": "2025-04-13 10:19:21", "elapsed": 54.302414, "delta": 0.003001}}
{"target": -1000000000.0, "params": {"K_high": 13.749061773764707, "K_low": 6.425146093440258, "K_mid": 4.514206304512768, "K_neg": 3.169066878460427, "S_high": 5.186797627046098, "S_low": -2.0542541887926546, "S_mid": 31.91208509460419, "S_neg": -32.354211205212536, "buffer": 11.462569761632075, "gamma": 7.236413055511009, "holdFactor": 28.829457808188366, "k": 19.59328135367362, "lookbackwindow": 348.5044800112145, "max_order_AS_size": 271.8194972304505, "sigma": 1.5035981178139055, "zscorethreshold": 0.8642399837597986}, "datetime": {"datetime": "2025-04-13 10:19:21", "elapsed": 54.304916, "delta": 0.002502}}
{"target": -1000000000.0, "params": {"K_high": 7.345748900376884, "K_low": 8.169011226672566, "K_mid": 23.377332611168207, "K_neg": -19.556577745054366, "S_high": 18.534031565400895, "S_low": 8.945666792236306, "S_mid": 6.2187209843316, "S_neg": -10.10227856714334, "buffer": 25.2944339442233, "gamma": 6.133969642574745, "holdFactor": 0.8225963344515362, "k": 26.291593359380393, "lookbackwindow": 466.3985498293881, "max_order_AS_size": 283.00145861101527, "sigma": 2.3933016477537845, "zscorethreshold": 2.3062484529432394}, "datetime": {"datetime": "2025-04-13 10:19:21", "elapsed": 54.307916, "delta": 0.003}}
{"target": -1000000000.0, "params": {"K_high": 28.318821509104605, "K_low": -6.949219141714773, "K_mid": 23.093905570655846, "K_neg": -9.057532634474349, "S_high": 17.0228137849652, "S_low": 4.728884712494457, "S_mid": 37.381243889283695, "S_neg": 7.203994158245592, "buffer": 22.541968570206606, "gamma": 1.1767185561155147, "holdFactor": 39.39516383859715, "k": 25.328044506932088, "lookbackwindow": 66.70802719561709, "max_order_AS_size": 460.5000994260688, "sigma": 2.7397927241242566, "zscorethreshold": 1.2970951428151802}, "datetime": {"datetime": "2025-04-13 10:19:21", "elapsed": 54.309922, "delta": 0.002006}}
{"target": 8786.0, "params": {"K_high": 23.69188988622268, "K_low": -2.019945922597395, "K_mid": 2.2849893889990502, "K_neg": -22.904940676059052, "S_high": 32.13385259906066, "S_low": -9.907359539907944, "S_mid": 13.406616950476652, "S_neg": -19.69339662686189, "buffer": 26.869780146896144, "gamma": 9.202563383306966, "holdFactor": 13.919205175201853, "k": 11.061642854990604, "lookbackwindow": 370.06311781432544, "max_order_AS_size": 226.65675250401378, "sigma": 1.449209645879964, "zscorethreshold": 1.1310987903317336}, "datetime": {"datetime": "2025-04-13 10:19:32", "elapsed": 65.303393, "delta": 10.993471}}
{"target": -1000000000.0, "params": {"K_high": 5.720195113154014, "K_low": -6.472260269875534, "K_mid": 19.984874132305244, "K_neg": -18.634802075268055, "S_high": 36.60235145261719, "S_low": -2.7521220176673378, "S_mid": 23.265475176093933, "S_neg": -7.754521316103954, "buffer": 0.6547228294166818, "gamma": 6.65219685156627, "holdFactor": 7.203635078103082, "k": 28.8710392066142, "lookbackwindow": 78.58805023779091, "max_order_AS_size": 207.89743773978483, "sigma": 1.1706993361572877, "zscorethreshold": 2.4921856296148683}, "datetime": {"datetime": "2025-04-13 10:19:32", "elapsed": 65.307401, "delta": 0.004008}}
{"target": 9174.0, "params": {"K_high": 20.13758091221658, "K_low": 1.9077003464008762, "K_mid": 2.7763514477982563, "K_neg": -1.7520160096419346, "S_high": 8.475233164513872, "S_low": 7.961085788814273, "S_mid": 8.285071655232086, "S_neg": -30.274926246153004, "buffer": 1.827483392404744, "gamma": 4.747066103844492, "holdFactor": 22.637161217178395, "k": 2.9055505434222186, "lookbackwindow": 388.8861702640302, "max_order_AS_size": 227.19112853926578, "sigma": 2.0487805386551603, "zscorethreshold": 1.1019068673455703}, "datetime": {"datetime": "2025-04-13 10:19:43", "elapsed": 76.31266, "delta": 11.005259}}
{"target": 8704.0, "params": {"K_high": 16.090446128925507, "K_low": 1.1928066261643586, "K_mid": 6.294085812635428, "K_neg": -30.721665344741172, "S_high": 34.48524627843934, "S_low": 8.922309242672654, "S_mid": 14.995041719562142, "S_neg": -26.19202166967876, "buffer": 32.19997716195079, "gamma": 4.1169050024260585, "holdFactor": 1.11291559084776, "k": 5.528425323619521, "lookbackwindow": 359.4062532794618, "max_order_AS_size": 329.80304701316555, "sigma": 1.054191985006967, "zscorethreshold": 0.5549304048323735}, "datetime": {"datetime": "2025-04-13 10:19:54", "elapsed": 87.257597, "delta": 10.944937}}
{"target": -1000000000.0, "params": {"K_high": 9.319884383864048, "K_low": 3.4378548719745687, "K_mid": 0.8864504563991297, "K_neg": -34.690462318786736, "S_high": 32.01665180639026, "S_low": -6.429106758913328, "S_mid": 26.1445697032898, "S_neg": -27.852678166616947, "buffer": 4.972069637967258, "gamma": 2.469563300444568, "holdFactor": 28.9184505810408, "k": 25.815197575082287, "lookbackwindow": 415.95883296066086, "max_order_AS_size": 199.19458127960897, "sigma": 2.3361702731412923, "zscorethreshold": 0.5124607385395524}, "datetime": {"datetime": "2025-04-13 10:19:54", "elapsed": 87.260603, "delta": 0.003006}}
{"target": -1000000000.0, "params": {"K_high": 11.796594437414429, "K_low": 7.926716370422394, "K_mid": 0.6187767480783678, "K_neg": -35.63906492642213, "S_high": 8.39466158032649, "S_low": -9.469355922523606, "S_mid": 7.339273860082912, "S_neg": -10.264880390545699, "buffer": 21.0712275296249, "gamma": 8.9320835252159, "holdFactor": 32.715998113363796, "k": 10.912703199238404, "lookbackwindow": 133.41459954848978, "max_order_AS_size": 190.4665116754662, "sigma": 2.1805898850296153, "zscorethreshold": 0.6701591020571906}, "datetime": {"datetime": "2025-04-13 10:19:54", "elapsed": 87.263606, "delta": 0.003003}}
{"target": -1000000000.0, "params": {"K_high": 25.003541423180447, "K_low": -1.811766956175191, "K_mid": 22.126682515994013, "K_neg": -17.757547014098847, "S_high": 11.849183805722515, "S_low": 8.969066139243132, "S_mid": 30.567871186974457, "S_neg": -32.85422803591092, "buffer": 43.42339879489564, "gamma": 4.89994042258266, "holdFactor": 35.79263385307425, "k": 24.19580242247214, "lookbackwindow": 215.48068471227054, "max_order_AS_size": 12.212184851738582, "sigma": 1.5373547187698922, "zscorethreshold": 1.3540855366521674}, "datetime": {"datetime": "2025-04-13 10:19:54", "elapsed": 87.266607, "delta": 0.003001}}
{"target": -1000000000.0, "params": {"K_high": 25.375780971063275, "K_low": -4.842246291335954, "K_mid": 5.660307355505682, "K_neg": 2.5814420767642545, "S_high": 39.377647010071726, "S_low": 0.5138036460537165, "S_mid": 6.950003505347309, "S_neg": -26.112326347512184, "buffer": 0.9195338273733367, "gamma": 9.147273125276966, "holdFactor": 4.798268207316631, "k": 17.718977789913353, "lookbackwindow": 140.65733424016696, "max_order_AS_size": 277.5348232553809, "sigma": 2.3028407767037287, "zscorethreshold": 2.0743545092680042}, "datetime": {"datetime": "2025-04-13 10:19:54", "elapsed": 87.269605, "delta": 0.002998}}
{"target": -1000000000.0, "params": {"K_high": 8.336208743248067, "K_low": -9.780083426830391, "K_mid": 5.561736639745409, "K_neg": 5.900950734253357, "S_high": 34.96821409474436, "S_low": 1.9482620434061655, "S_mid": 24.06062273130277, "S_neg": -6.083129598140971, "buffer": 8.76856393117248, "gamma": 9.14839886195335, "holdFactor": 16.808943943193718, "k": 12.111017319235426, "lookbackwindow": 261.8642641150046, "max_order_AS_size": 24.436017420752467, "sigma": 1.3325667375121588, "zscorethreshold": 1.8450840410659262}, "datetime": {"datetime": "2025-04-13 10:19:54", "elapsed": 87.272602, "delta": 0.002997}}
{"target": -1000000000.0, "params": {"K_high": 3.403666850212546, "K_low": 2.0630421893277635, "K_mid": 9.889429476284706, "K_neg": -20.145923683859195, "S_high": 11.618880097150925, "S_low": -2.8865456707010173, "S_mid": 28.789931616851394, "S_neg": -24.846792503218076, "buffer": 28.32023201484486, "gamma": 4.7867015018810415, "holdFactor": 26.580479497969662, "k": 28.16806244041798, "lookbackwindow": 367.6231881190739, "max_order_AS_size": 108.25524891678762, "sigma": 1.0623662701225693, "zscorethreshold": 0.6556601107495628}, "datetime": {"datetime": "2025-04-13 10:19:54", "elapsed": 87.275611, "delta": 0.003009}}
{"target": -1000000000.0, "params": {"K_high": 23.84360943494017, "K_low": -8.971483730314993, "K_mid": 19.90501326332933, "K_neg": -9.561014705238652, "S_high": 13.436331243596737, "S_low": 5.418244074916439, "S_mid": 4.353270300037495, "S_neg": -36.16797313147375, "buffer": 36.409437810180165, "gamma": 4.980138596251674, "holdFactor": 27.567255617466667, "k": 13.60999281950864, "lookbackwindow": 126.96900645335788, "max_order_AS_size": 409.73205651942567, "sigma": 2.5988317579379583, "zscorethreshold": 1.736741177136067}, "datetime": {"datetime": "2025-04-13 10:19:54", "elapsed": 87.277608, "delta": 0.001997}}
{"target": -1000000000.0, "params": {"K_high": 10.958590975475511, "K_low": 1.804613337381742, "K_mid": 14.502858487907067, "K_neg": -35.32931426034166, "S_high": 36.70081166094349, "S_low": -7.263627381620772, "S_mid": 38.01447041745002, "S_neg": -17.253705579144256, "buffer": 9.256646441930982, "gamma": 5.441914426414663, "holdFactor": 34.93053885146869, "k": 22.234521705877274, "lookbackwindow": 404.2477681914176, "max_order_AS_size": 329.73289998864794, "sigma": 2.384553129035705, "zscorethreshold": 2.1229891289132983}, "datetime": {"datetime": "2025-04-13 10:19:54", "elapsed": 87.279607, "delta": 0.001999}}
{"target": -1000000000.0, "params": {"K_high": 10.061753553481518, "K_low": -0.21150072713719048, "K_mid": 8.926256728602128, "K_neg": 10.371068407829, "S_high": 37.767967653495866, "S_low": -9.211463772629882, "S_mid": 28.25244938337597, "S_neg": 7.1876641881989585, "buffer": 9.028767256366677, "gamma": 5.701055043998663, "holdFactor": 36.62798307376287, "k": 1.9844333789881663, "lookbackwindow": 350.2230322871858, "max_order_AS_size": 149.37715467890283, "sigma": 2.8487923907530606, "zscorethreshold": 2.4276456129134196}, "datetime": {"datetime": "2025-04-13 10:19:54", "elapsed": 87.282607, "delta": 0.003}}
{"target": -1000000000.0, "params": {"K_high": 37.77623291562601, "K_low": -0.5157156668507241, "K_mid": 34.4955017744736, "K_neg": 3.0720193252885863, "S_high": 12.8321088824059, "S_low": 6.578309483013548, "S_mid": 1.5766046251481556, "S_neg": -9.590236197415294, "buffer": 11.500441864385152, "gamma": 1.2496405134839241, "holdFactor": 3.1704327450054453, "k": 21.19237450046605, "lookbackwindow": 173.23810706519274, "max_order_AS_size": 362.658618992852, "sigma": 1.1307126815978847, "zscorethreshold": 0.7882258445765258}, "datetime": {"datetime": "2025-04-13 10:19:54", "elapsed": 87.284603, "delta": 0.001996}}
{"target": 8766.0, "params": {"K_high": 21.625702565775956, "K_low": 5.814463296779271, "K_mid": 12.818224866989588, "K_neg": -8.079539801712535, "S_high": 35.450512154623866, "S_low": 2.317263763646091, "S_mid": 9.395083042669986, "S_neg": -38.75556014061656, "buffer": 43.50494369504649, "gamma": 0.261630637961352, "holdFactor": 35.00059674009955, "k": 16.339176886789147, "lookbackwindow": 469.8385107638836, "max_order_AS_size": 399.59283465105904, "sigma": 2.995868221066675, "zscorethreshold": 0.8767795386292754}, "datetime": {"datetime": "2025-04-13 10:20:07", "elapsed": 99.537143, "delta": 12.25254}}
{"target": 8862.0, "params": {"K_high": 30.710812728351964, "K_low": -1.9613817278151569, "K_mid": 19.247037250125963, "K_neg": -7.997221375863127, "S_high": 34.959716856034916, "S_low": 9.681669383985902, "S_mid": 30.754109213194276, "S_neg": -18.69389410946598, "buffer": 21.06785011385351, "gamma": 7.38894390080947, "holdFactor": 9.627208116155263, "k": 4.203749280810445, "lookbackwindow": 180.53796803218438, "max_order_AS_size": 144.33225683538677, "sigma": 1.5926162409119802, "zscorethreshold": 0.5840193776247748}, "datetime": {"datetime": "2025-04-13 10:20:22", "elapsed": 114.432929, "delta": 14.895786}}
{"target": -1000000000.0, "params": {"K_high": 1.779518266490839, "K_low": -9.642521305331723, "K_mid": 39.51012335046766, "K_neg": -18.18357017947102, "S_high": 15.434633221671298, "S_low": 3.5929456538613973, "S_mid": 8.80833012581606, "S_neg": 8.44802038146149, "buffer": 39.3172507207776, "gamma": 0.9396394730069821, "holdFactor": 16.761472953818643, "k": 26.494430919302776, "lookbackwindow": 472.64235103424807, "max_order_AS_size": 234.23335411368498, "sigma": 2.2268227784214156, "zscorethreshold": 0.41758486523018806}, "datetime": {"datetime": "2025-04-13 10:20:22", "elapsed": 114.435954, "delta": 0.003025}}
{"target": 8958.0, "params": {"K_high": 39.64762818286536, "K_low": -5.3665659723311325, "K_mid": 37.714997787991514, "K_neg": -6.868020901389208, "S_high": 24.34869811566648, "S_low": 0.25377022033017127, "S_mid": 9.303725487538571, "S_neg": -30.99707036771908, "buffer": 11.024310453508768, "gamma": 1.9050607083353324, "holdFactor": 31.205420495313458, "k": 11.153632515835174, "lookbackwindow": 33.6321248988812, "max_order_AS_size": 484.58221244026487, "sigma": 2.7675717699268514, "zscorethreshold": 2.3193807079880324}, "datetime": {"datetime": "2025-04-13 10:20:36", "elapsed": 128.878226, "delta": 14.442272}}
{"target": -1000000000.0, "params": {"K_high": 39.79682212359277, "K_low": -6.522095015610255, "K_mid": 15.910056554216084, "K_neg": -1.3298377390913458, "S_high": 27.87122266034631, "S_low": -6.922081873202899, "S_mid": 32.65174168712565, "S_neg": -28.553530836330307, "buffer": 11.190880741131155, "gamma": 5.392895507789465, "holdFactor": 23.758303400183955, "k": 17.822500027296524, "lookbackwindow": 50.285984511888664, "max_order_AS_size": 438.8529704525598, "sigma": 1.5312000851774121, "zscorethreshold": 0.32378730320701044}, "datetime": {"datetime": "2025-04-13 10:20:36", "elapsed": 128.882073, "delta": 0.003847}}
