{"target": -1000000000.0, "params": {"K_high": 25.66622475645112, "K_low": 0.9019129328396112, "K_mid": 16.042496448607608, "K_neg": -2.2621327106452895, "S_high": 1.1636107202569037, "S_low": 1.0219042311648519, "S_mid": 11.342555042313533, "S_neg": -27.079729392612652, "buffer": 44.57752881293822, "gamma": 3.7699119241777472, "holdFactor": 11.543332613138094, "k": 27.692091722606925, "lookbackwindow": 304.3552285468745, "max_order_AS_size": 163.5008862217718, "sigma": 1.6019101766665516, "zscorethreshold": 2.2188827971301768}, "datetime": {"datetime": "2025-04-13 10:25:49", "elapsed": 442.003271, "delta": 0.307762}}
{"target": -1000000000.0, "params": {"K_high": 14.821908906155095, "K_low": 1.5714046484516047, "K_mid": 36.068528569116516, "K_neg": -39.924202418115215, "S_high": 16.0416155894029, "S_low": 3.3520521786920217, "S_mid": 2.305232072170077, "S_neg": 2.47610301304924, "buffer": 30.649250010143092, "gamma": 2.5776364515315433, "holdFactor": 29.78788271741025, "k": 9.736467103735208, "lookbackwindow": 292.70174036035013, "max_order_AS_size": 146.47407850290227, "sigma": 1.7453981497739255, "zscorethreshold": 0.43799000600315885}, "datetime": {"datetime": "2025-04-13 10:25:50", "elapsed": 442.33879, "delta": 0.335519}}
{"target": -1000000000.0, "params": {"K_high": 25.928252447979755, "K_low": 6.214435296175186, "K_mid": 38.9415177163026, "K_neg": -7.033944365062986, "S_high": 36.42869352164936, "S_low": 7.404477016909681, "S_mid": 39.03794840842308, "S_neg": 4.76562512013362, "buffer": 31.51806135713468, "gamma": 7.190787812504904, "holdFactor": 17.73094645095822, "k": 2.8861141468187403, "lookbackwindow": 290.0722535895073, "max_order_AS_size": 19.85616309728159, "sigma": 1.0019375593713402, "zscorethreshold": 2.365018672409507}, "datetime": {"datetime": "2025-04-13 10:25:51", "elapsed": 444.214226, "delta": 1.875436}}
{"target": -1000000000.0, "params": {"K_high": 30.780865260661788, "K_low": -3.169329382288593, "K_mid": 18.339814506441563, "K_neg": -21.180126782411342, "S_high": 32.0125009147788, "S_low": -9.806830368088207, "S_mid": 19.85675198704614, "S_neg": -9.3922154283743, "buffer": 38.54738518567678, "gamma": 3.0765196064780835, "holdFactor": 14.700302745657106, "k": 14.688791431457123, "lookbackwindow": 284.39697836976745, "max_order_AS_size": 302.0839210884926, "sigma": 2.0481402289158037, "zscorethreshold": 1.3476719505633552}, "datetime": {"datetime": "2025-04-13 10:25:53", "elapsed": 445.44138, "delta": 1.227154}}
{"target": -1000000000.0, "params": {"K_high": 30.569795797682133, "K_low": -6.085748272540328, "K_mid": 32.234641605541995, "K_neg": -31.52593578891955, "S_high": 20.354339974612024, "S_low": -3.915135989155236, "S_mid": 24.35912141398416, "S_neg": -3.4510027297599066, "buffer": 48.9759282635364, "gamma": 2.2052303211081257, "holdFactor": 10.246364597435472, "k": 17.189040667749737, "lookbackwindow": 184.60512940870515, "max_order_AS_size": 355.7858971881138, "sigma": 2.622863706509242, "zscorethreshold": 0.7582282032404917}, "datetime": {"datetime": "2025-04-13 10:25:53", "elapsed": 445.718997, "delta": 0.277617}}
{"target": -1000000000.0, "params": {"K_high": 31.079258214059823, "K_low": 7.315834716300081, "K_mid": 35.08750655726526, "K_neg": -24.074756049301904, "S_high": 24.304049654014285, "S_low": -1.124092734137312, "S_mid": 0.6015403745102338, "S_neg": 2.002368816321784, "buffer": 19.188673249255995, "gamma": 9.206358397725806, "holdFactor": 20.063702740146052, "k": 20.085760427870643, "lookbackwindow": 442.231092174707, "max_order_AS_size": 365.9497097781409, "sigma": 2.98210431500262, "zscorethreshold": 1.9806966858352635}, "datetime": {"datetime": "2025-04-13 10:25:53", "elapsed": 445.983087, "delta": 0.26409}}
{"target": -1000000000.0, "params": {"K_high": 3.2521027288848328, "K_low": -0.6833671370912526, "K_mid": 25.824473184755984, "K_neg": -9.906343183642733, "S_high": 15.629020648066719, "S_low": 2.114686177512972, "S_mid": 31.2472332627622, "S_neg": 1.415491414390786, "buffer": 43.044554038778124, "gamma": 2.443806331058434, "holdFactor": 7.074043493091695, "k": 19.48121194065419, "lookbackwindow": 277.87770164029166, "max_order_AS_size": 278.1435339781414, "sigma": 2.067975473762856, "zscorethreshold": 0.9029624821358789}, "datetime": {"datetime": "2025-04-13 10:25:53", "elapsed": 446.248147, "delta": 0.26506}}
{"target": 8426.0, "params": {"K_high": 24.036090305394154, "K_low": 8.574915553737299, "K_mid": 12.875251243313201, "K_neg": -7.6167962648332335, "S_high": 31.343108272816046, "S_low": -7.0548731731671595, "S_mid": 30.59718971331661, "S_neg": -14.801317360493005, "buffer": 1.0563631729291645, "gamma": 2.342951935313065, "holdFactor": 14.861762848869688, "k": 3.5895968708477968, "lookbackwindow": 28.209670446722313, "max_order_AS_size": 210.90718639162853, "sigma": 1.6218932616447992, "zscorethreshold": 0.9164756419584739}, "datetime": {"datetime": "2025-04-13 10:26:05", "elapsed": 457.413989, "delta": 11.165842}}
{"target": -1000000000.0, "params": {"K_high": 2.323349696947681, "K_low": 2.371758828741573, "K_mid": 29.866132578201334, "K_neg": -10.236661162342635, "S_high": 8.384735213674958, "S_low": 2.496117316463218, "S_mid": 18.640085352149626, "S_neg": -12.136215076389746, "buffer": 2.2291303881260713, "gamma": 1.5068690735325834, "holdFactor": 13.079897968816065, "k": 18.300694041284064, "lookbackwindow": 304.6444736846157, "max_order_AS_size": 376.38321960017566, "sigma": 2.098007740551271, "zscorethreshold": 1.322147749658524}, "datetime": {"datetime": "2025-04-13 10:26:05", "elapsed": 457.617638, "delta": 0.203649}}
{"target": -1000000000.0, "params": {"K_high": 39.15724270872073, "K_low": 2.6117127313893373, "K_mid": 35.128408942393825, "K_neg": -19.115814566817356, "S_high": 18.59016875982471, "S_low": 1.7245128658843676, "S_mid": 25.559904636797675, "S_neg": -33.21263553835232, "buffer": 20.05038483821328, "gamma": 5.30833262806335, "holdFactor": 24.53979603821312, "k": 24.081120503665392, "lookbackwindow": 25.123987361654823, "max_order_AS_size": 487.48638580448363, "sigma": 2.6614620748264417, "zscorethreshold": 2.3730270158608495}, "datetime": {"datetime": "2025-04-13 10:26:06", "elapsed": 458.551914, "delta": 0.934276}}
