{"target": -1000000000.0, "params": {"K_high": 31.724545139906493, "K_low": 8.157975875592388, "K_mid": 37.75369355352681, "K_neg": 8.966915824677805, "S_high": 20.906239584986732, "S_low": 9.546158159830075, "S_mid": 30.31667726466411, "S_neg": -31.754756751914943, "buffer": 23.8450053233985, "gamma": 7.197395194951439, "holdFactor": 9.968878601181425, "k": 19.577840322917734, "lookbackwindow": 334.96723712807653, "max_order_AS_size": 82.18717216047438, "sigma": 2.130170624905513, "zscorethreshold": 1.9290672774465192}, "datetime": {"datetime": "2025-04-13 10:23:45", "elapsed": 317.345481, "delta": 0.001998}}
{"target": 8825.0, "params": {"K_high": 20.005937014984084, "K_low": -9.75793766447785, "K_mid": 0.46063491626375785, "K_neg": -21.79150345752938, "S_high": 37.0551433304281, "S_low": -5.426464407927824, "S_mid": 25.411111185980317, "S_neg": -28.67413059464065, "buffer": 16.08349948297743, "gamma": 8.488018791534765, "holdFactor": 29.18157154657088, "k": 3.7665790420831082, "lookbackwindow": 217.20750038828464, "max_order_AS_size": 15.55571205898697, "sigma": 1.961780293206018, "zscorethreshold": 1.65608502925267}, "datetime": {"datetime": "2025-04-13 10:23:56", "elapsed": 328.404314, "delta": 11.058833}}
{"target": -1000000000.0, "params": {"K_high": 4.828254681566246, "K_low": -4.222301221816687, "K_mid": 15.97368135753606, "K_neg": 6.896082257458538, "S_high": 39.730875115376264, "S_low": -9.101774020087683, "S_mid": 30.464216147466143, "S_neg": -21.042072613480496, "buffer": 19.622909311474, "gamma": 7.554936484802875, "holdFactor": 36.7452146426018, "k": 28.576929240573904, "lookbackwindow": 290.67568008896876, "max_order_AS_size": 179.2034584909509, "sigma": 2.5750981717175585, "zscorethreshold": 0.6275034581557506}, "datetime": {"datetime": "2025-04-13 10:23:56", "elapsed": 328.407318, "delta": 0.003004}}
{"target": -1000000000.0, "params": {"K_high": 22.60655375045736, "K_low": -2.8284307695025372, "K_mid": 26.299579840944258, "K_neg": -27.73965544243115, "S_high": 7.744558534819547, "S_low": 8.364781733508742, "S_mid": 4.161966949686522, "S_neg": -14.196146705518487, "buffer": 11.042639148150446, "gamma": 0.4373531350903911, "holdFactor": 1.537150849827913, "k": 6.0814313910689926, "lookbackwindow": 434.05132548047015, "max_order_AS_size": 141.9568932445363, "sigma": 2.900918341150591, "zscorethreshold": 1.454055732472984}, "datetime": {"datetime": "2025-04-13 10:23:56", "elapsed": 328.410318, "delta": 0.003}}
{"target": -1000000000.0, "params": {"K_high": 17.520906171773767, "K_low": 1.6017766933890911, "K_mid": 20.716265570528083, "K_neg": -1.3024110583764141, "S_high": 11.371593032316804, "S_low": -2.938992167993952, "S_mid": 35.7743626710767, "S_neg": 8.269282170670678, "buffer": 44.62791137432372, "gamma": 4.2235075398752695, "holdFactor": 31.23658356997458, "k": 14.813736265731865, "lookbackwindow": 251.28222681232057, "max_order_AS_size": 103.13537441958469, "sigma": 2.182260606517033, "zscorethreshold": 0.46533974438336984}, "datetime": {"datetime": "2025-04-13 10:23:56", "elapsed": 328.413314, "delta": 0.002996}}
{"target": -1000000000.0, "params": {"K_high": 13.32943149278103, "K_low": 7.100604032398703, "K_mid": 8.362324787513122, "K_neg": -36.370927456154924, "S_high": 2.8534029452513705, "S_low": 8.815690410062157, "S_mid": 20.3261254746772, "S_neg": -19.119984337332067, "buffer": 40.543929050395924, "gamma": 8.366467982709635, "holdFactor": 13.354422221312623, "k": 21.11492366674006, "lookbackwindow": 386.70579384668383, "max_order_AS_size": 327.6706927461113, "sigma": 1.3031901496001987, "zscorethreshold": 2.1897077087926426}, "datetime": {"datetime": "2025-04-13 10:23:56", "elapsed": 328.417313, "delta": 0.003999}}
{"target": -1000000000.0, "params": {"K_high": 21.609872654166747, "K_low": -4.350551472599927, "K_mid": 17.066604598963988, "K_neg": -38.083874389655726, "S_high": 5.20188536877446, "S_low": 5.310935010317216, "S_mid": 0.10046422673910904, "S_neg": -18.7551427474031, "buffer": 26.125509054279423, "gamma": 0.5936124790096743, "holdFactor": 38.92581870259608, "k": 7.557634606240486, "lookbackwindow": 155.57836621995904, "max_order_AS_size": 152.66731361525865, "sigma": 1.4608333242346998, "zscorethreshold": 0.00368455521577854}, "datetime": {"datetime": "2025-04-13 10:23:56", "elapsed": 328.421314, "delta": 0.004001}}
{"target": -1000000000.0, "params": {"K_high": 29.200857284111056, "K_low": 9.336909995985707, "K_mid": 9.049309983073297, "K_neg": -6.184593218025455, "S_high": 29.701663445652734, "S_low": 6.968507581810496, "S_mid": 16.962904960843005, "S_neg": -24.55052381233811, "buffer": 16.264756701151555, "gamma": 7.140582264330202, "holdFactor": 32.68950071357488, "k": 6.266805064941477, "lookbackwindow": 188.61579903809377, "max_order_AS_size": 451.06815817782586, "sigma": 2.6133870393894787, "zscorethreshold": 2.4621460069061896}, "datetime": {"datetime": "2025-04-13 10:23:56", "elapsed": 328.42546, "delta": 0.004146}}
{"target": -1000000000.0, "params": {"K_high": 30.194505561315022, "K_low": -2.1360959794415546, "K_mid": 23.666449576386047, "K_neg": -6.288273033386666, "S_high": 3.2303870710532454, "S_low": 0.8899391820773026, "S_mid": 28.401901056057124, "S_neg": -31.46661349594592, "buffer": 39.031585871277855, "gamma": 5.85853916611541, "holdFactor": 38.09364924933403, "k": 2.2302466479998593, "lookbackwindow": 136.33643808995615, "max_order_AS_size": 301.1753857706122, "sigma": 1.5931198244118614, "zscorethreshold": 1.7860604101781055}, "datetime": {"datetime": "2025-04-13 10:23:56", "elapsed": 328.428469, "delta": 0.003009}}
{"target": -1000000000.0, "params": {"K_high": 30.384310772625046, "K_low": -7.9496807186705105, "K_mid": 20.602793121850034, "K_neg": -14.046581664856149, "S_high": 14.834302731600088, "S_low": 8.658497251393442, "S_mid": 33.11750216294153, "S_neg": -4.442321522608523, "buffer": 35.716331786749876, "gamma": 4.644075630940534, "holdFactor": 36.847681391753376, "k": 21.143267390345276, "lookbackwindow": 365.84562551962915, "max_order_AS_size": 430.9837609898853, "sigma": 1.548143178684382, "zscorethreshold": 2.0176772596667574}, "datetime": {"datetime": "2025-04-13 10:23:56", "elapsed": 328.431475, "delta": 0.003006}}
{"target": -1000000000.0, "params": {"K_high": 7.890100057964031, "K_low": -3.0931609551022436, "K_mid": 13.490857125366723, "K_neg": 9.90479888784617, "S_high": 34.27583522754228, "S_low": 4.023397231805195, "S_mid": 29.109564788454065, "S_neg": -11.334287485468874, "buffer": 47.35453335542596, "gamma": 4.987774591179496, "holdFactor": 15.28265662380879, "k": 5.728024771016139, "lookbackwindow": 394.1717978692237, "max_order_AS_size": 367.48752210572013, "sigma": 1.7687100770482698, "zscorethreshold": 0.0629835348980734}, "datetime": {"datetime": "2025-04-13 10:23:56", "elapsed": 328.433468, "delta": 0.001993}}
{"target": -1000000000.0, "params": {"K_high": 33.57599337594863, "K_low": -9.771640330918528, "K_mid": 28.177621207199135, "K_neg": 9.48311259602891, "S_high": 17.56268699311332, "S_low": -5.300531900080944, "S_mid": 28.22435330073093, "S_neg": 1.6735352427948413, "buffer": 27.321515803892364, "gamma": 9.672000988798654, "holdFactor": 2.161581994152648, "k": 15.639072350831317, "lookbackwindow": 360.6347039246623, "max_order_AS_size": 431.4575951034403, "sigma": 1.35851122381558, "zscorethreshold": 2.0000087044092036}, "datetime": {"datetime": "2025-04-13 10:23:56", "elapsed": 328.436467, "delta": 0.002999}}
{"target": -1000000000.0, "params": {"K_high": 22.153012321169957, "K_low": -2.068926360200736, "K_mid": 5.355429640305832, "K_neg": 4.130083704354533, "S_high": 6.375201006370642, "S_low": -3.8042428158180153, "S_mid": 11.67281672530123, "S_neg": 4.4421157437335665, "buffer": 33.6351497104449, "gamma": 7.976979902054154, "holdFactor": 10.093669161820708, "k": 19.12134888860297, "lookbackwindow": 288.0142616561556, "max_order_AS_size": 416.5823580173473, "sigma": 2.812174120962521, "zscorethreshold": 0.03039192869346702}, "datetime": {"datetime": "2025-04-13 10:23:56", "elapsed": 328.439474, "delta": 0.003007}}
{"target": -1000000000.0, "params": {"K_high": 26.99339477044583, "K_low": -8.96328401760542, "K_mid": 21.999460736586503, "K_neg": -25.330730818772413, "S_high": 12.340386320933433, "S_low": -2.9408299309528685, "S_mid": 24.889568717079445, "S_neg": -22.96345175089277, "buffer": 36.63495252951402, "gamma": 4.075047486460003, "holdFactor": 2.8272926923673487, "k": 23.72903543203911, "lookbackwindow": 146.45037067338947, "max_order_AS_size": 216.95067292003205, "sigma": 2.3708877664438033, "zscorethreshold": 0.83114039287178}, "datetime": {"datetime": "2025-04-13 10:23:56", "elapsed": 328.442472, "delta": 0.002998}}
{"target": -1000000000.0, "params": {"K_high": 2.3577676802539536, "K_low": -2.521579059743728, "K_mid": 37.78349844950271, "K_neg": -7.271545737773529, "S_high": 26.892018031821557, "S_low": 2.6456430727527973, "S_mid": 8.039786344481527, "S_neg": -18.664972930783712, "buffer": 37.54698991816591, "gamma": 1.0586603306539335, "holdFactor": 11.186325765979518, "k": 9.013254145509755, "lookbackwindow": 218.84936915928046, "max_order_AS_size": 490.20400173015037, "sigma": 1.1350050933676439, "zscorethreshold": 1.2967524859514876}, "datetime": {"datetime": "2025-04-13 10:23:56", "elapsed": 328.444469, "delta": 0.001997}}
{"target": -1000000000.0, "params": {"K_high": 7.256650812287196, "K_low": 9.413530908194883, "K_mid": 4.620809838625821, "K_neg": -19.416348879558846, "S_high": 29.54161089490079, "S_low": 4.091088560548906, "S_mid": 16.9668726120679, "S_neg": -22.32726743441137, "buffer": 19.88061892764353, "gamma": 2.6795488184284606, "holdFactor": 8.292784254401312, "k": 15.00815122920781, "lookbackwindow": 137.92420925346562, "max_order_AS_size": 144.4433707837278, "sigma": 2.313512126949114, "zscorethreshold": 2.4213433292497304}, "datetime": {"datetime": "2025-04-13 10:23:56", "elapsed": 328.447474, "delta": 0.003005}}
{"target": -1000000000.0, "params": {"K_high": 24.185124302319068, "K_low": -8.460410658700674, "K_mid": 3.1157861927772723, "K_neg": 8.52258426312386, "S_high": 11.961902533262611, "S_low": -8.158660278350492, "S_mid": 24.001879027300223, "S_neg": -8.193912307196427, "buffer": 32.42524100593441, "gamma": 2.7106501771825355, "holdFactor": 0.7029163001575538, "k": 28.985445714179683, "lookbackwindow": 129.1920576170957, "max_order_AS_size": 338.3371177382212, "sigma": 2.413259739757419, "zscorethreshold": 1.5250185426987142}, "datetime": {"datetime": "2025-04-13 10:23:56", "elapsed": 328.451515, "delta": 0.004041}}
{"target": -1000000000.0, "params": {"K_high": 12.585005029124563, "K_low": -4.578074924718685, "K_mid": 23.946964479837856, "K_neg": 4.170877314196268, "S_high": 37.87467578404348, "S_low": -7.881883911924847, "S_mid": 6.277661642649021, "S_neg": 8.18154919793706, "buffer": 36.82676141673963, "gamma": 8.835788557056242, "holdFactor": 8.18504210200019, "k": 18.039990262172655, "lookbackwindow": 352.06409923664944, "max_order_AS_size": 340.37583083803935, "sigma": 1.8163033817333962, "zscorethreshold": 0.03848722922827119}, "datetime": {"datetime": "2025-04-13 10:23:56", "elapsed": 328.453472, "delta": 0.001957}}
{"target": -1000000000.0, "params": {"K_high": 23.358749666490098, "K_low": -4.937969216407825, "K_mid": 18.065144421101326, "K_neg": 8.836631769274682, "S_high": 16.021509173933143, "S_low": 6.796032133288534, "S_mid": 7.622770169395119, "S_neg": -5.7045146007235275, "buffer": 48.85034772194717, "gamma": 1.0638363536857212, "holdFactor": 0.4319656948649613, "k": 13.573900986345816, "lookbackwindow": 50.849614110426764, "max_order_AS_size": 374.44379048843945, "sigma": 2.829097327697118, "zscorethreshold": 1.085052431771897}, "datetime": {"datetime": "2025-04-13 10:23:56", "elapsed": 328.456469, "delta": 0.002997}}
{"target": -1000000000.0, "params": {"K_high": 10.422594522002093, "K_low": -1.3119336198678049, "K_mid": 28.96556793221504, "K_neg": -39.53823775940108, "S_high": 23.619214180439418, "S_low": 2.2658336977475813, "S_mid": 25.543761051147825, "S_neg": -27.65687392097526, "buffer": 35.70263616890634, "gamma": 0.9593452890011752, "holdFactor": 8.050886425025352, "k": 26.446631352979974, "lookbackwindow": 370.6679596096503, "max_order_AS_size": 7.859031451661281, "sigma": 1.4967525207396004, "zscorethreshold": 0.5360162074829113}, "datetime": {"datetime": "2025-04-13 10:23:56", "elapsed": 328.45948, "delta": 0.003011}}
{"target": 8862.0, "params": {"K_high": 10.905172488675205, "K_low": -5.048804594402272, "K_mid": 2.594799200139545, "K_neg": -16.594033653562164, "S_high": 29.336065643967988, "S_low": 2.1346344943487274, "S_mid": 26.947579577063383, "S_neg": -35.8613918946518, "buffer": 47.57453550883936, "gamma": 8.392993746738098, "holdFactor": 32.22310370797694, "k": 24.866530346211256, "lookbackwindow": 466.6917015257169, "max_order_AS_size": 272.58272909073514, "sigma": 1.4005640357352518, "zscorethreshold": 1.5419590196313528}, "datetime": {"datetime": "2025-04-13 10:24:07", "elapsed": 339.74132, "delta": 11.28184}}
{"target": -1000000000.0, "params": {"K_high": 29.740971597350764, "K_low": 4.7583478670805075, "K_mid": 20.905816064258516, "K_neg": -36.508605313987516, "S_high": 14.9074062433621, "S_low": 8.415332169267145, "S_mid": 23.4195114993213, "S_neg": -12.545070893958616, "buffer": 13.442675719109676, "gamma": 3.71606675316996, "holdFactor": 35.82430895721146, "k": 20.327428378278235, "lookbackwindow": 394.75657824240477, "max_order_AS_size": 227.71836611075992, "sigma": 2.260494438912316, "zscorethreshold": 0.6209590218580188}, "datetime": {"datetime": "2025-04-13 10:24:07", "elapsed": 339.744333, "delta": 0.003013}}
{"target": 8921.0, "params": {"K_high": 28.247887128311103, "K_low": -1.4479733259332548, "K_mid": 17.757566041108348, "K_neg": -6.884561446579035, "S_high": 37.457596796610176, "S_low": -8.719873067827582, "S_mid": 33.007255170145605, "S_neg": -25.08846136897815, "buffer": 22.195972725318892, "gamma": 0.26803762131133907, "holdFactor": 12.11173850558909, "k": 15.576306036273785, "lookbackwindow": 32.807158286982315, "max_order_AS_size": 246.0567689621994, "sigma": 2.854221257716855, "zscorethreshold": 0.26348304526951305}, "datetime": {"datetime": "2025-04-13 10:24:19", "elapsed": 352.271511, "delta": 12.527178}}
{"target": 8825.0, "params": {"K_high": 30.601185050212624, "K_low": -1.8065789324801464, "K_mid": 26.24143120952109, "K_neg": -26.727933502753302, "S_high": 6.463741275400195, "S_low": -6.790747714575471, "S_mid": 2.9126286311614713, "S_neg": -30.532018050036605, "buffer": 33.21096924944841, "gamma": 8.822821587842904, "holdFactor": 32.583614855087355, "k": 20.86889498636004, "lookbackwindow": 59.66377238849582, "max_order_AS_size": 145.30453570167896, "sigma": 1.619613750644938, "zscorethreshold": 0.6248923659940531}, "datetime": {"datetime": "2025-04-13 10:24:32", "elapsed": 364.804363, "delta": 12.532852}}
{"target": -1000000000.0, "params": {"K_high": 20.648725822417955, "K_low": 0.7110762975934506, "K_mid": 14.339750409327296, "K_neg": -21.956752904441764, "S_high": 33.159368356452646, "S_low": 5.7858569663937125, "S_mid": 12.38105368406175, "S_neg": 6.603210637536222, "buffer": 47.6407508501253, "gamma": 3.3010882931989056, "holdFactor": 14.241555456842889, "k": 15.663390449236806, "lookbackwindow": 470.8548022041684, "max_order_AS_size": 438.28339713801347, "sigma": 1.2051359251671796, "zscorethreshold": 0.9818268581785405}, "datetime": {"datetime": "2025-04-13 10:24:32", "elapsed": 364.807359, "delta": 0.002996}}
{"target": 7958.0, "params": {"K_high": 20.14044828409593, "K_low": 6.8577232759190885, "K_mid": 16.838433005354517, "K_neg": -15.040949845780084, "S_high": 38.220646317776385, "S_low": 3.6749884076801447, "S_mid": 24.81399103183958, "S_neg": -0.2726440061170763, "buffer": 39.634441727085516, "gamma": 7.783259465005354, "holdFactor": 9.564872747820734, "k": 1.132794333332087, "lookbackwindow": 281.3152951981634, "max_order_AS_size": 23.604777098974044, "sigma": 1.0032607308301782, "zscorethreshold": 2.488512016142269}, "datetime": {"datetime": "2025-04-13 10:24:46", "elapsed": 378.341239, "delta": 13.53388}}
{"target": 8862.0, "params": {"K_high": 14.424437363938601, "K_low": -6.455134662800006, "K_mid": 4.977733954616611, "K_neg": -9.392128576707218, "S_high": 30.884296333986946, "S_low": 9.756682313234169, "S_mid": 20.227797704576215, "S_neg": -17.575536203730746, "buffer": 15.538912568103624, "gamma": 4.027519387963456, "holdFactor": 13.061857865623546, "k": 11.977405955291097, "lookbackwindow": 372.8270262264864, "max_order_AS_size": 223.34313515614772, "sigma": 2.2171081430593103, "zscorethreshold": 2.1559422302852593}, "datetime": {"datetime": "2025-04-13 10:24:58", "elapsed": 391.194415, "delta": 12.853176}}
{"target": -1000000000.0, "params": {"K_high": 19.4015713340248, "K_low": 8.873172656703517, "K_mid": 5.554029648276388, "K_neg": 2.230269817678426, "S_high": 26.618300030438018, "S_low": -2.9718496237041325, "S_mid": 4.507493904204074, "S_neg": -19.117917439348506, "buffer": 44.94176714292464, "gamma": 8.783513497534253, "holdFactor": 37.12344002063056, "k": 20.541886770436335, "lookbackwindow": 443.382343037199, "max_order_AS_size": 392.658010955215, "sigma": 1.312587530511706, "zscorethreshold": 0.7956827980740339}, "datetime": {"datetime": "2025-04-13 10:25:00", "elapsed": 392.615892, "delta": 1.421477}}
{"target": -1000000000.0, "params": {"K_high": 6.721930513962979, "K_low": -3.694115245265472, "K_mid": 1.685375525533398, "K_neg": 1.556055810737064, "S_high": 26.5315098197417, "S_low": 4.2860068553904345, "S_mid": 19.354159866186826, "S_neg": -16.56326529753859, "buffer": 3.997554351698418, "gamma": 7.496977116578109, "holdFactor": 19.698435089770616, "k": 10.388225939433553, "lookbackwindow": 381.36239375666725, "max_order_AS_size": 225.9225237651417, "sigma": 1.1010252556698672, "zscorethreshold": 1.3345751627284343}, "datetime": {"datetime": "2025-04-13 10:25:01", "elapsed": 394.142083, "delta": 1.526191}}
{"target": 7958.0, "params": {"K_high": 29.854827655860944, "K_low": 7.229175827103255, "K_mid": 25.345039486594256, "K_neg": -11.045211500523216, "S_high": 33.48053925351162, "S_low": 8.94974937808891, "S_mid": 29.169326411370296, "S_neg": 6.107014215529915, "buffer": 35.34448679515007, "gamma": 3.1367688294397316, "holdFactor": 7.036845240939194, "k": 3.627704667218387, "lookbackwindow": 287.88164618862555, "max_order_AS_size": 10.922807459698898, "sigma": 1.9827085362204881, "zscorethreshold": 1.813275506338362}, "datetime": {"datetime": "2025-04-13 10:25:15", "elapsed": 408.14137, "delta": 13.999287}}
{"target": -1000000000.0, "params": {"K_high": 12.694479684273809, "K_low": 3.270807857969002, "K_mid": 32.18904144927272, "K_neg": -39.838490054320474, "S_high": 28.09731914229391, "S_low": 0.7362507383976222, "S_mid": 18.91356925836349, "S_neg": -5.0976995391981745, "buffer": 5.2309134891475875, "gamma": 8.726181936303862, "holdFactor": 15.214952513073664, "k": 10.670396747946482, "lookbackwindow": 187.33921247885104, "max_order_AS_size": 76.01865003453045, "sigma": 2.9702834120030976, "zscorethreshold": 1.8626711675833498}, "datetime": {"datetime": "2025-04-13 10:25:16", "elapsed": 408.469905, "delta": 0.328535}}
{"target": 8690.0, "params": {"K_high": 32.34498975859911, "K_low": 2.9233837922978303, "K_mid": 26.428234409754307, "K_neg": -37.3935624298285, "S_high": 33.36709052181434, "S_low": -5.328414683780657, "S_mid": 0.881460524894464, "S_neg": -26.179162518444947, "buffer": 21.534988505391066, "gamma": 1.579056825939839, "holdFactor": 7.154170409707722, "k": 8.567419984990053, "lookbackwindow": 494.8131558931562, "max_order_AS_size": 265.22678332201554, "sigma": 1.4215003440969194, "zscorethreshold": 0.3891766707337285}, "datetime": {"datetime": "2025-04-13 10:25:34", "elapsed": 426.619858, "delta": 18.149953}}
{"target": -1000000000.0, "params": {"K_high": 8.76845358686691, "K_low": 8.342093287071137, "K_mid": 21.25909131260751, "K_neg": -31.103104970920647, "S_high": 21.599101522564258, "S_low": 7.422432800896523, "S_mid": 18.02908403191071, "S_neg": -36.631061333952815, "buffer": 27.22332577111598, "gamma": 0.8945333907256794, "holdFactor": 2.449043074926802, "k": 11.940106188448787, "lookbackwindow": 77.55372999640946, "max_order_AS_size": 185.21294202662776, "sigma": 1.9432045000883218, "zscorethreshold": 2.016963206303868}, "datetime": {"datetime": "2025-04-13 10:25:34", "elapsed": 426.907717, "delta": 0.287859}}
{"target": 8850.0, "params": {"K_high": 22.885054793194268, "K_low": -6.631368370030435, "K_mid": 1.8491133132247095, "K_neg": -30.172025250196434, "S_high": 38.13305321076589, "S_low": 1.3063081304730506, "S_mid": 24.46878614907402, "S_neg": -28.398002607113696, "buffer": 27.954094186785248, "gamma": 8.705170267512951, "holdFactor": 31.67854969136275, "k": 6.826616753091777, "lookbackwindow": 205.4879370382201, "max_order_AS_size": 19.468702872135857, "sigma": 2.07364624418741, "zscorethreshold": 0.674060322397737}, "datetime": {"datetime": "2025-04-13 10:25:49", "elapsed": 441.355355, "delta": 14.447638}}
{"target": -1000000000.0, "params": {"K_high": 22.79173284828636, "K_low": 6.420003579789299, "K_mid": 6.806735692024821, "K_neg": 8.01121303108232, "S_high": 9.610749137966202, "S_low": -5.7642028081005, "S_mid": 35.46268683577415, "S_neg": -0.9647798047339364, "buffer": 9.489041282458487, "gamma": 8.100623203735639, "holdFactor": 25.17680401717957, "k": 2.593702794678611, "lookbackwindow": 84.38296735536994, "max_order_AS_size": 25.310197028176095, "sigma": 2.385491858253214, "zscorethreshold": 1.9474809731477127}, "datetime": {"datetime": "2025-04-13 10:25:49", "elapsed": 441.695509, "delta": 0.340154}}
