{"target": -1000000000.0, "params": {"K_high": 31.80367332013759, "K_low": -9.306594665470334, "K_mid": 23.353992719831236, "K_neg": 10.76731332575681, "S_high": 34.24227414411782, "S_low": 0.4289137808717882, "S_mid": 2.6392722805370297, "S_neg": 2.4000492336712043, "buffer": 29.94892540886053, "gamma": 1.19358332074269, "holdFactor": 3.8449056644519124, "k": 27.37917776366118, "lookbackwindow": 336.25413015434884, "max_order_AS_size": 414.814112859061, "sigma": 2.757957800564535, "zscorethreshold": 1.4294308801208055}, "datetime": {"datetime": "2025-04-13 10:22:33", "elapsed": 246.307383, "delta": 0.002005}}
{"target": -1000000000.0, "params": {"K_high": 20.74610943502615, "K_low": -1.3914517935801953, "K_mid": 12.746168852865658, "K_neg": -17.8356059962057, "S_high": 30.97779826363324, "S_low": 2.0384686203026305, "S_mid": 35.711679269198356, "S_neg": -17.387619266661424, "buffer": 30.3544789359377, "gamma": 6.331510153265287, "holdFactor": 23.70871677602239, "k": 21.376379419479974, "lookbackwindow": 122.5295668455291, "max_order_AS_size": 256.66952499534955, "sigma": 1.2084496056166953, "zscorethreshold": 0.9612783191120313}, "datetime": {"datetime": "2025-04-13 10:22:33", "elapsed": 246.310378, "delta": 0.002995}}
{"target": -1000000000.0, "params": {"K_high": 19.557916037988452, "K_low": 3.04448519090945, "K_mid": 38.02618899818952, "K_neg": -9.36679560603385, "S_high": 29.769397255444737, "S_low": 0.12532118990405472, "S_mid": 25.40075085191562, "S_neg": -36.382456977177554, "buffer": 12.719579042092349, "gamma": 3.6504382773911295, "holdFactor": 18.952484864759892, "k": 2.3238136195691284, "lookbackwindow": 74.31192828889225, "max_order_AS_size": 139.13033958786158, "sigma": 2.9430653818021013, "zscorethreshold": 0.8283675177576268}, "datetime": {"datetime": "2025-04-13 10:22:33", "elapsed": 246.31338, "delta": 0.003002}}
{"target": -1000000000.0, "params": {"K_high": 19.333438218672093, "K_low": -6.078045745232141, "K_mid": 24.470124835923155, "K_neg": -25.68515600868531, "S_high": 8.359003879693228, "S_low": 0.3314525689195804, "S_mid": 0.31968138650079075, "S_neg": -39.60913433488951, "buffer": 10.953440455092888, "gamma": 0.41537755688317035, "holdFactor": 4.4102275898145855, "k": 10.826958830823797, "lookbackwindow": 402.27991139200736, "max_order_AS_size": 286.4522730412811, "sigma": 2.0253354519128326, "zscorethreshold": 0.7337220580203041}, "datetime": {"datetime": "2025-04-13 10:22:33", "elapsed": 246.317383, "delta": 0.004003}}
{"target": -1000000000.0, "params": {"K_high": 37.276973405369375, "K_low": -2.059699175256167, "K_mid": 3.5750013951512827, "K_neg": -8.529607677992136, "S_high": 4.642151899716396, "S_low": -3.0955371439661583, "S_mid": 20.345736354840575, "S_neg": 4.585348758943965, "buffer": 24.677329017005935, "gamma": 7.037474722015059, "holdFactor": 39.71339187606291, "k": 4.813184477041467, "lookbackwindow": 140.99210513216215, "max_order_AS_size": 197.89346172322556, "sigma": 1.8436563570776627, "zscorethreshold": 1.0275526881638644}, "datetime": {"datetime": "2025-04-13 10:22:33", "elapsed": 246.31938, "delta": 0.001997}}
{"target": 8726.0, "params": {"K_high": 36.31367900200654, "K_low": 4.280652889337128, "K_mid": 24.355418042219082, "K_neg": -24.221991388998113, "S_high": 32.96923633042966, "S_low": 9.101210229699777, "S_mid": 32.865811473754036, "S_neg": -39.92017963523488, "buffer": 31.82006850917035, "gamma": 0.5587970453489022, "holdFactor": 10.378528091315502, "k": 2.7262163100853787, "lookbackwindow": 303.87874920994693, "max_order_AS_size": 343.60836683281076, "sigma": 1.2289752761318102, "zscorethreshold": 0.9595972076124487}, "datetime": {"datetime": "2025-04-13 10:22:45", "elapsed": 258.101655, "delta": 11.782275}}
{"target": 8825.0, "params": {"K_high": 18.303836707326127, "K_low": -2.618939564781668, "K_mid": 4.928897519359202, "K_neg": -18.633662700438755, "S_high": 30.072004107555884, "S_low": -8.579846709334891, "S_mid": 3.299182561867948, "S_neg": -21.906664116364805, "buffer": 47.08628558094625, "gamma": 6.7022978348929945, "holdFactor": 27.178931271235335, "k": 11.495679734298085, "lookbackwindow": 298.8620916482265, "max_order_AS_size": 6.055460829843946, "sigma": 2.2721920928190844, "zscorethreshold": 2.283217368940592}, "datetime": {"datetime": "2025-04-13 10:22:57", "elapsed": 270.068234, "delta": 11.966579}}
{"target": -1000000000.0, "params": {"K_high": 24.541681386958285, "K_low": 7.473971869326903, "K_mid": 28.986524913097142, "K_neg": -33.8515207634118, "S_high": 36.10788696070509, "S_low": -8.671123112884501, "S_mid": 21.405302154655775, "S_neg": -32.75100668653366, "buffer": 0.5853305365452033, "gamma": 4.249240888270007, "holdFactor": 11.872124235400833, "k": 15.094014320130487, "lookbackwindow": 290.71394393360265, "max_order_AS_size": 22.82579708216473, "sigma": 1.2460065902474913, "zscorethreshold": 1.3966059911260633}, "datetime": {"datetime": "2025-04-13 10:22:57", "elapsed": 270.071204, "delta": 0.00297}}
{"target": -1000000000.0, "params": {"K_high": 13.792377391589062, "K_low": 4.583469750988961, "K_mid": 26.126436778818395, "K_neg": 3.12582251248525, "S_high": 27.73046378410209, "S_low": -1.4013784521970365, "S_mid": 26.951368233537853, "S_neg": -25.955560112973657, "buffer": 15.315674938910634, "gamma": 7.900402341211893, "holdFactor": 17.91213870442313, "k": 24.15302987503222, "lookbackwindow": 412.0990749657978, "max_order_AS_size": 428.9236064929806, "sigma": 2.8332704716824146, "zscorethreshold": 1.0774630512832406}, "datetime": {"datetime": "2025-04-13 10:22:57", "elapsed": 270.074577, "delta": 0.003373}}
{"target": -1000000000.0, "params": {"K_high": 12.82278605101344, "K_low": 1.6439749318822763, "K_mid": 14.909779695161339, "K_neg": -9.34521749318812, "S_high": 28.252875919488602, "S_low": 3.768100369842738, "S_mid": 15.04466019210284, "S_neg": -31.490129713363608, "buffer": 21.526466923110377, "gamma": 1.468811733614992, "holdFactor": 35.614871703833956, "k": 11.030446361397864, "lookbackwindow": 81.45757487554528, "max_order_AS_size": 13.698432192969689, "sigma": 2.2916447725729685, "zscorethreshold": 1.5922557936368582}, "datetime": {"datetime": "2025-04-13 10:22:57", "elapsed": 270.07658, "delta": 0.002003}}
{"target": -1000000000.0, "params": {"K_high": 13.690106246593537, "K_low": -8.56576222304698, "K_mid": 16.44419290631976, "K_neg": -24.127907751766926, "S_high": 27.117113525426873, "S_low": 2.115584989053808, "S_mid": 14.647289755081845, "S_neg": -28.887479732995505, "buffer": 49.40179830777959, "gamma": 4.567316130901342, "holdFactor": 27.562142007631458, "k": 5.076036059772463, "lookbackwindow": 245.36690133140192, "max_order_AS_size": 14.740823214863278, "sigma": 2.0109102358208997, "zscorethreshold": 2.410043517794256}, "datetime": {"datetime": "2025-04-13 10:22:57", "elapsed": 270.07857, "delta": 0.00199}}
{"target": -1000000000.0, "params": {"K_high": 15.429847848133429, "K_low": -9.220079748501767, "K_mid": 1.3351360576818068, "K_neg": -20.212675242709658, "S_high": 6.484994964881442, "S_low": -9.532958073436282, "S_mid": 30.272923196612055, "S_neg": -16.615326547023574, "buffer": 14.462238598632727, "gamma": 9.005827671013984, "holdFactor": 4.7339445120009715, "k": 28.721646039704257, "lookbackwindow": 160.41352510178965, "max_order_AS_size": 444.31343248203194, "sigma": 2.205885752958923, "zscorethreshold": 2.0667683993537187}, "datetime": {"datetime": "2025-04-13 10:22:57", "elapsed": 270.08158, "delta": 0.00301}}
{"target": -1000000000.0, "params": {"K_high": 39.362125212097524, "K_low": -4.2318912436250855, "K_mid": 38.44930586776296, "K_neg": -20.13642335997656, "S_high": 15.4819249990032, "S_low": -3.192257914909886, "S_mid": 21.70216353316865, "S_neg": -32.13860279789716, "buffer": 27.68557426790056, "gamma": 5.43996288347954, "holdFactor": 30.49988232293431, "k": 25.175848896189983, "lookbackwindow": 223.0184684046499, "max_order_AS_size": 151.86429142639537, "sigma": 1.518669794634189, "zscorethreshold": 0.48655959176217983}, "datetime": {"datetime": "2025-04-13 10:22:57", "elapsed": 270.084588, "delta": 0.003008}}
{"target": -1000000000.0, "params": {"K_high": 2.400138529741093, "K_low": -3.1510404233057336, "K_mid": 10.882882916018252, "K_neg": 9.287286679186778, "S_high": 22.352582167376752, "S_low": -3.054459219389849, "S_mid": 23.26065727964847, "S_neg": -32.90096823136953, "buffer": 22.202187460110146, "gamma": 6.281031498139584, "holdFactor": 19.607023488518813, "k": 12.651585218975404, "lookbackwindow": 496.9549525053506, "max_order_AS_size": 440.27706631231456, "sigma": 2.2468119163188804, "zscorethreshold": 1.4234434029557068}, "datetime": {"datetime": "2025-04-13 10:22:57", "elapsed": 270.087976, "delta": 0.003388}}
{"target": -1000000000.0, "params": {"K_high": 24.864353145000905, "K_low": -5.9737578435513345, "K_mid": 15.865995956246312, "K_neg": -37.987563822564134, "S_high": 19.074286895724384, "S_low": 0.8604916791532631, "S_mid": 9.187214470518063, "S_neg": 9.1654712054412, "buffer": 45.4727305468621, "gamma": 7.235325192786263, "holdFactor": 21.382126487737967, "k": 26.229105629782865, "lookbackwindow": 69.67291019261414, "max_order_AS_size": 395.46438734316763, "sigma": 1.2496416279336966, "zscorethreshold": 1.9855266563735134}, "datetime": {"datetime": "2025-04-13 10:22:57", "elapsed": 270.091254, "delta": 0.003278}}
{"target": -1000000000.0, "params": {"K_high": 11.103125973229142, "K_low": 7.541811620363777, "K_mid": 37.76727954363337, "K_neg": -32.411405560339105, "S_high": 18.5607566421092, "S_low": 9.619747563253704, "S_mid": 19.38795669532855, "S_neg": 4.040923648241801, "buffer": 29.436576106565994, "gamma": 3.784532583800038, "holdFactor": 11.50276386548222, "k": 6.893469641496531, "lookbackwindow": 382.09010473196014, "max_order_AS_size": 193.8837129046909, "sigma": 2.0225509244015023, "zscorethreshold": 1.2308137000029549}, "datetime": {"datetime": "2025-04-13 10:22:57", "elapsed": 270.094256, "delta": 0.003002}}
{"target": -1000000000.0, "params": {"K_high": 23.133433266401937, "K_low": 7.311542912491046, "K_mid": 39.23149980897883, "K_neg": -19.213205362735337, "S_high": 33.11800499204149, "S_low": 5.2905558930943535, "S_mid": 22.983805163077374, "S_neg": 8.758404324208591, "buffer": 10.02372577642014, "gamma": 1.1371788925807331, "holdFactor": 34.17308248152134, "k": 13.7353446823787, "lookbackwindow": 424.2495828324949, "max_order_AS_size": 446.65201239251206, "sigma": 1.1249151872381429, "zscorethreshold": 2.2086619074651517}, "datetime": {"datetime": "2025-04-13 10:22:57", "elapsed": 270.097254, "delta": 0.002998}}
{"target": -1000000000.0, "params": {"K_high": 17.987930309239946, "K_low": 0.2086497800846452, "K_mid": 25.10104119261909, "K_neg": 7.245512943234424, "S_high": 0.8627321677475848, "S_low": -0.46313063364365803, "S_mid": 27.540109492979372, "S_neg": -3.141945157390346, "buffer": 34.6266215768554, "gamma": 1.3876295376108123, "holdFactor": 12.04588397603008, "k": 11.40275023709339, "lookbackwindow": 403.196417801355, "max_order_AS_size": 140.10117633486195, "sigma": 1.4214099277344063, "zscorethreshold": 2.3936200475952405}, "datetime": {"datetime": "2025-04-13 10:22:57", "elapsed": 270.101254, "delta": 0.004}}
{"target": -1000000000.0, "params": {"K_high": 0.4536450760274091, "K_low": 9.956417113639564, "K_mid": 27.105169824410087, "K_neg": 2.2519342719049718, "S_high": 11.855313914213106, "S_low": -9.7136944466588, "S_mid": 29.54099379060505, "S_neg": 2.541374447034464, "buffer": 37.02380659767596, "gamma": 1.471360358643344, "holdFactor": 30.161774098053066, "k": 23.29876068112159, "lookbackwindow": 330.9775552566772, "max_order_AS_size": 383.29185046499754, "sigma": 2.6918428793554643, "zscorethreshold": 1.534010285593646}, "datetime": {"datetime": "2025-04-13 10:22:57", "elapsed": 270.104262, "delta": 0.003008}}
{"target": 8766.0, "params": {"K_high": 3.6353280873901945, "K_low": -0.2474438066557827, "K_mid": 3.198208453397042, "K_neg": -19.215305417346027, "S_high": 16.343548916112542, "S_low": -8.679803117195169, "S_mid": 14.017939305382225, "S_neg": -34.339096961642944, "buffer": 40.41176050046111, "gamma": 9.479495858346484, "holdFactor": 2.9854273627917505, "k": 28.69834101145934, "lookbackwindow": 263.6754166716889, "max_order_AS_size": 150.48327329898308, "sigma": 1.153724150552327, "zscorethreshold": 1.2515606701760444}, "datetime": {"datetime": "2025-04-13 10:23:09", "elapsed": 282.136196, "delta": 12.031934}}
{"target": -1000000000.0, "params": {"K_high": 31.801170225180872, "K_low": 4.141729545333963, "K_mid": 2.104017857412553, "K_neg": -36.28200639623692, "S_high": 16.174643977042223, "S_low": -4.0941901190411345, "S_mid": 9.372134489936307, "S_neg": -25.668770555655605, "buffer": 40.17413716484423, "gamma": 9.295819133636947, "holdFactor": 16.263597511649902, "k": 27.277219061842416, "lookbackwindow": 164.14037211770156, "max_order_AS_size": 238.742056185552, "sigma": 1.4520579956319994, "zscorethreshold": 1.6011901054396098}, "datetime": {"datetime": "2025-04-13 10:23:09", "elapsed": 282.138727, "delta": 0.002531}}
{"target": -1000000000.0, "params": {"K_high": 39.161346495474874, "K_low": 2.0698619208675737, "K_mid": 14.3767819561306, "K_neg": -6.9613102544830525, "S_high": 5.004535070768964, "S_low": 7.773181605307972, "S_mid": 20.173049636115472, "S_neg": -17.083163155978255, "buffer": 29.29323942267596, "gamma": 6.2665994347545535, "holdFactor": 2.96385466843787, "k": 20.79589941547867, "lookbackwindow": 124.75618175618715, "max_order_AS_size": 357.26236362078834, "sigma": 2.6450695887683935, "zscorethreshold": 2.0098962688813007}, "datetime": {"datetime": "2025-04-13 10:23:09", "elapsed": 282.140713, "delta": 0.001986}}
{"target": -1000000000.0, "params": {"K_high": 22.144788599574778, "K_low": 0.4033978462150234, "K_mid": 5.800750857442527, "K_neg": -0.45734632944008524, "S_high": 10.929234279823902, "S_low": -0.06609154364106828, "S_mid": 11.442536307807917, "S_neg": -33.17475348701565, "buffer": 31.47788484458683, "gamma": 0.5906037464878932, "holdFactor": 29.97094484163538, "k": 10.210017062572383, "lookbackwindow": 5.066673037220234, "max_order_AS_size": 256.0534404793777, "sigma": 1.0937038170552063, "zscorethreshold": 0.6904238945522487}, "datetime": {"datetime": "2025-04-13 10:23:09", "elapsed": 282.143712, "delta": 0.002999}}
{"target": -1000000000.0, "params": {"K_high": 28.308361849483077, "K_low": -8.746207567562683, "K_mid": 33.58960584500449, "K_neg": -39.80518394441226, "S_high": 9.948272381155899, "S_low": 4.818081123041429, "S_mid": 12.71917897419934, "S_neg": -34.80348820863331, "buffer": 18.011695940021394, "gamma": 2.740413199526029, "holdFactor": 33.72420489620614, "k": 10.087089609969151, "lookbackwindow": 395.5215735291236, "max_order_AS_size": 446.04420026055664, "sigma": 1.867634839153059, "zscorethreshold": 2.27485785963598}, "datetime": {"datetime": "2025-04-13 10:23:09", "elapsed": 282.145715, "delta": 0.002003}}
{"target": -1000000000.0, "params": {"K_high": 15.154990353131394, "K_low": 9.281568329802163, "K_mid": 3.66265202857036, "K_neg": -4.962017408334617, "S_high": 19.803180214231453, "S_low": -2.247023890887059, "S_mid": 25.345203962069178, "S_neg": -4.103288326649107, "buffer": 0.21816348251545437, "gamma": 1.7111832330346273, "holdFactor": 28.550537420309315, "k": 20.325176993767986, "lookbackwindow": 483.19351503869524, "max_order_AS_size": 380.7578573351407, "sigma": 2.9015454154626763, "zscorethreshold": 1.7563512538370174}, "datetime": {"datetime": "2025-04-13 10:23:09", "elapsed": 282.147714, "delta": 0.001999}}
{"target": -1000000000.0, "params": {"K_high": 11.992283124713781, "K_low": -7.892701554982871, "K_mid": 31.29477214746293, "K_neg": -7.148389704728288, "S_high": 2.0226218944925196, "S_low": -2.798990681980433, "S_mid": 38.27631263782302, "S_neg": -14.479541568779737, "buffer": 21.636456800985233, "gamma": 4.604111071334975, "holdFactor": 8.434420687806032, "k": 11.69250795507906, "lookbackwindow": 188.05756171365243, "max_order_AS_size": 27.12515507354873, "sigma": 2.5351352570358365, "zscorethreshold": 1.0412610797596975}, "datetime": {"datetime": "2025-04-13 10:23:09", "elapsed": 282.150714, "delta": 0.003}}
{"target": 8754.0, "params": {"K_high": 32.90497748397529, "K_low": 7.006960022397909, "K_mid": 8.558562782476455, "K_neg": -6.474972409323442, "S_high": 18.944043986102972, "S_low": 7.6031347584297, "S_mid": 8.70805309914052, "S_neg": -5.431526784187746, "buffer": 30.387606112636128, "gamma": 2.988249701839736, "holdFactor": 5.550376055681786, "k": 19.89755305384102, "lookbackwindow": 370.6057417755037, "max_order_AS_size": 158.49804453791165, "sigma": 2.2896652080446276, "zscorethreshold": 0.9878272690287582}, "datetime": {"datetime": "2025-04-13 10:23:22", "elapsed": 294.893002, "delta": 12.742288}}
{"target": -1000000000.0, "params": {"K_high": 28.556954642976446, "K_low": -6.015694502118938, "K_mid": 35.61957860518336, "K_neg": -25.342110580255433, "S_high": 14.7746609114705, "S_low": -8.838160958393004, "S_mid": 4.549337271618928, "S_neg": -13.691042961671265, "buffer": 13.379633836398575, "gamma": 8.363028246134835, "holdFactor": 0.6862662073326583, "k": 11.99372741148615, "lookbackwindow": 171.98604565070087, "max_order_AS_size": 10.644487827882916, "sigma": 1.2487367980010204, "zscorethreshold": 1.034106687296588}, "datetime": {"datetime": "2025-04-13 10:23:22", "elapsed": 294.89704, "delta": 0.004038}}
{"target": -1000000000.0, "params": {"K_high": 19.76529691945312, "K_low": -1.9142050549026184, "K_mid": 21.284413368642543, "K_neg": -9.648284579810241, "S_high": 0.49596046300064167, "S_low": -0.7180968109299215, "S_mid": 38.54361971141477, "S_neg": -13.529353713393014, "buffer": 33.87711337294766, "gamma": 3.1530453862729875, "holdFactor": 30.982255988295226, "k": 23.414722974407336, "lookbackwindow": 263.0415435887988, "max_order_AS_size": 488.0308978163276, "sigma": 1.2511004295253068, "zscorethreshold": 0.04236916222395248}, "datetime": {"datetime": "2025-04-13 10:23:22", "elapsed": 294.901054, "delta": 0.004014}}
{"target": -1000000000.0, "params": {"K_high": 30.82931264910813, "K_low": 6.143110747297651, "K_mid": 4.896268441910991, "K_neg": -26.45527551911109, "S_high": 0.8003392983284934, "S_low": -4.133827784388706, "S_mid": 30.948360769354995, "S_neg": -13.584013086658473, "buffer": 17.404779658414405, "gamma": 3.7488059843179857, "holdFactor": 0.15400966604717936, "k": 9.694215299391841, "lookbackwindow": 324.9970771107756, "max_order_AS_size": 487.1230274643622, "sigma": 2.694121653967799, "zscorethreshold": 0.058987411613822816}, "datetime": {"datetime": "2025-04-13 10:23:22", "elapsed": 294.904461, "delta": 0.003407}}
{"target": 8825.0, "params": {"K_high": 35.95256812652609, "K_low": 5.663968265972519, "K_mid": 31.23700733048212, "K_neg": -16.642216290817856, "S_high": 15.980411188884661, "S_low": -3.941685423336148, "S_mid": 2.7212248722791945, "S_neg": -28.359996461821346, "buffer": 12.33018174890123, "gamma": 4.866566843616505, "holdFactor": 29.92303182320809, "k": 14.740485023540451, "lookbackwindow": 33.6330024763445, "max_order_AS_size": 478.9371106931137, "sigma": 2.8854486381882243, "zscorethreshold": 1.962973857871021}, "datetime": {"datetime": "2025-04-13 10:23:34", "elapsed": 306.62638, "delta": 11.721919}}
{"target": 8690.0, "params": {"K_high": 39.653983272412404, "K_low": 0.889646656005258, "K_mid": 38.51445717510292, "K_neg": -36.14414292854571, "S_high": 14.690661855628715, "S_low": -5.492374639864684, "S_mid": 7.913740056957374, "S_neg": -32.81904960647352, "buffer": 31.120682078299833, "gamma": 7.824152464685684, "holdFactor": 23.17410613687239, "k": 5.26191857805808, "lookbackwindow": 406.5062661170681, "max_order_AS_size": 318.34139887470053, "sigma": 1.776331412253991, "zscorethreshold": 1.6853257388401575}, "datetime": {"datetime": "2025-04-13 10:23:45", "elapsed": 317.333476, "delta": 10.707096}}
{"target": -1000000000.0, "params": {"K_high": 10.47020867178903, "K_low": -3.09615583011579, "K_mid": 36.70768514096641, "K_neg": -25.18427021075756, "S_high": 18.85253189950167, "S_low": 7.802822747920292, "S_mid": 28.338081875674348, "S_neg": -36.82763546560016, "buffer": 7.365152213948517, "gamma": 0.12802382818057234, "holdFactor": 25.27377943014362, "k": 13.98252933690213, "lookbackwindow": 71.4660511966264, "max_order_AS_size": 479.00912640732844, "sigma": 2.05931944789124, "zscorethreshold": 0.604733235282223}, "datetime": {"datetime": "2025-04-13 10:23:45", "elapsed": 317.337483, "delta": 0.004007}}
{"target": -1000000000.0, "params": {"K_high": 20.074082489072833, "K_low": 3.592406654702156, "K_mid": 3.141944797145223, "K_neg": -25.99010543255751, "S_high": 32.29792308627135, "S_low": -0.8067025919467756, "S_mid": 21.908427967088567, "S_neg": -17.92638388731707, "buffer": 2.194997132150256, "gamma": 1.6992103092105515, "holdFactor": 17.87711138580145, "k": 7.066378496829906, "lookbackwindow": 29.739619186540974, "max_order_AS_size": 421.98118236186, "sigma": 2.9623850583282314, "zscorethreshold": 1.9828571849918486}, "datetime": {"datetime": "2025-04-13 10:23:45", "elapsed": 317.340485, "delta": 0.003002}}
{"target": -1000000000.0, "params": {"K_high": 34.16601837601621, "K_low": -5.160457393659092, "K_mid": 38.42901632297667, "K_neg": -29.956789072875154, "S_high": 38.06204943343711, "S_low": 9.89638587931902, "S_mid": 28.497739949267345, "S_neg": 10.038330321382915, "buffer": 28.476988978355184, "gamma": 2.6324407426020984, "holdFactor": 17.536135838058275, "k": 18.213267125984792, "lookbackwindow": 41.17537320337242, "max_order_AS_size": 311.5492890440058, "sigma": 2.962355673524589, "zscorethreshold": 0.47526912445931907}, "datetime": {"datetime": "2025-04-13 10:23:45", "elapsed": 317.343483, "delta": 0.002998}}
