{"target": 9196.0, "params": {"K_high": 35.56104838677219, "K_low": 9.113029964595068, "K_mid": 34.49889192889148, "K_neg": 1.2853198109687796, "S_high": 26.244155027496966, "S_low": 1.017147412182787, "S_mid": 3.5707717204652645, "S_neg": -19.168886133394366, "buffer": 18.6344258506157, "gamma": 2.6345501484152454, "holdFactor": 28.96446253617454, "k": 15.380396317284353, "lookbackwindow": 45.11787687428573, "max_order_AS_size": 110.87141777295585, "sigma": 2.366517527319192, "zscorethreshold": 0.19032714872575046}, "datetime": {"datetime": "2025-04-13 10:20:51", "elapsed": 143.347708, "delta": 14.465635}}
{"target": 8729.0, "params": {"K_high": 34.06315587054587, "K_low": -0.0970694597205135, "K_mid": 19.275404435333257, "K_neg": -9.787202982364601, "S_high": 33.00477054041345, "S_low": -3.043815841956139, "S_mid": 27.152844487106638, "S_neg": -11.147669836214657, "buffer": 13.351413508471065, "gamma": 8.792368364233822, "holdFactor": 31.917298262116432, "k": 20.09510320509434, "lookbackwindow": 426.03795590164975, "max_order_AS_size": 433.7798062789414, "sigma": 2.4167259534300696, "zscorethreshold": 2.09253332090918}, "datetime": {"datetime": "2025-04-13 10:21:03", "elapsed": 155.930228, "delta": 12.58252}}
{"target": -1000000000.0, "params": {"K_high": 27.929111320604417, "K_low": 3.6028154352060078, "K_mid": 24.782593990785855, "K_neg": -1.611451382560297, "S_high": 6.42834370119364, "S_low": 7.617415183978569, "S_mid": 34.886556757034754, "S_neg": -38.50838856523748, "buffer": 41.290837528238136, "gamma": 1.3322551813607797, "holdFactor": 13.47124228493976, "k": 22.561739432456626, "lookbackwindow": 84.57614854391257, "max_order_AS_size": 409.16554503541204, "sigma": 2.6642683559154836, "zscorethreshold": 1.2686693344020905}, "datetime": {"datetime": "2025-04-13 10:21:03", "elapsed": 155.933231, "delta": 0.003003}}
{"target": -1000000000.0, "params": {"K_high": 0.35479628150165987, "K_low": -4.259237336501744, "K_mid": 24.715384043192113, "K_neg": 10.040495079398596, "S_high": 25.30935972796507, "S_low": -4.803928378716805, "S_mid": 25.396827553674495, "S_neg": -12.46074563449137, "buffer": 38.99226975755718, "gamma": 1.114457356328236, "holdFactor": 30.46501330983092, "k": 16.696730781607197, "lookbackwindow": 481.68104191020234, "max_order_AS_size": 171.59421085330436, "sigma": 2.265243786267896, "zscorethreshold": 2.3300702637750437}, "datetime": {"datetime": "2025-04-13 10:21:03", "elapsed": 155.937226, "delta": 0.003995}}
{"target": -1000000000.0, "params": {"K_high": 4.190138146828102, "K_low": 8.744569744729024, "K_mid": 27.546640319802453, "K_neg": -36.540309985636235, "S_high": 12.108446321177968, "S_low": 4.163441772905632, "S_mid": 2.787288998603991, "S_neg": -10.309306531010062, "buffer": 17.294152847647837, "gamma": 6.228109401786397, "holdFactor": 1.9251071491192628, "k": 26.27456737841891, "lookbackwindow": 486.87703974281146, "max_order_AS_size": 484.4700497875601, "sigma": 2.4993036634858496, "zscorethreshold": 0.3252156003265799}, "datetime": {"datetime": "2025-04-13 10:21:03", "elapsed": 155.940227, "delta": 0.003001}}
{"target": -1000000000.0, "params": {"K_high": 30.354701517568003, "K_low": -9.50826167082397, "K_mid": 0.9827297060069904, "K_neg": -23.495878823373396, "S_high": 19.596863297146164, "S_low": 5.4081483561558645, "S_mid": 27.363485526599558, "S_neg": -17.258961974785834, "buffer": 13.681333314083293, "gamma": 9.971388776569226, "holdFactor": 17.10463395921532, "k": 14.09022370556059, "lookbackwindow": 85.99379148987624, "max_order_AS_size": 397.60996482621476, "sigma": 2.387364451562977, "zscorethreshold": 0.551924031971901}, "datetime": {"datetime": "2025-04-13 10:21:03", "elapsed": 155.943231, "delta": 0.003004}}
{"target": -1000000000.0, "params": {"K_high": 3.3870037200721237, "K_low": 3.6099860414942615, "K_mid": 26.214997449817297, "K_neg": -26.063764123091325, "S_high": 38.039456133791376, "S_low": -6.978842164381995, "S_mid": 17.350158561599816, "S_neg": 8.124411928547545, "buffer": 20.986365846306114, "gamma": 6.40333317925765, "holdFactor": 15.964016478715491, "k": 8.952240868111431, "lookbackwindow": 492.06893574011497, "max_order_AS_size": 205.25766915120647, "sigma": 2.788198407358269, "zscorethreshold": 0.5748865147277155}, "datetime": {"datetime": "2025-04-13 10:21:03", "elapsed": 155.946232, "delta": 0.003001}}
{"target": -1000000000.0, "params": {"K_high": 8.602877690600824, "K_low": -9.377318342309772, "K_mid": 26.101506332497813, "K_neg": -21.20515647008818, "S_high": 34.587894168601515, "S_low": -0.5358018661688568, "S_mid": 38.730917773797394, "S_neg": -30.53819869914082, "buffer": 43.43115839778054, "gamma": 7.77713868527783, "holdFactor": 30.859781601297676, "k": 25.498713615389743, "lookbackwindow": 381.70687551678446, "max_order_AS_size": 313.48394049407625, "sigma": 1.2624897553647751, "zscorethreshold": 0.08131544872812979}, "datetime": {"datetime": "2025-04-13 10:21:03", "elapsed": 155.949228, "delta": 0.002996}}
{"target": -1000000000.0, "params": {"K_high": 36.841829127845905, "K_low": 2.3330062904147617, "K_mid": 31.881837909949436, "K_neg": -15.442360072859945, "S_high": 4.780596739599539, "S_low": -7.496284155948992, "S_mid": 27.454054960435958, "S_neg": -18.0543993601274, "buffer": 10.026236335016836, "gamma": 4.941365740077297, "holdFactor": 2.66193658929785, "k": 17.877170655517563, "lookbackwindow": 138.15173519537333, "max_order_AS_size": 398.9819912179569, "sigma": 1.6207239178471475, "zscorethreshold": 1.138050372704503}, "datetime": {"datetime": "2025-04-13 10:21:03", "elapsed": 155.951231, "delta": 0.002003}}
{"target": -1000000000.0, "params": {"K_high": 0.5636595423332154, "K_low": -8.551062244108822, "K_mid": 15.760492900626723, "K_neg": -15.5231194294267, "S_high": 24.04081986996022, "S_low": -4.166748425813935, "S_mid": 27.82977725644905, "S_neg": 3.8662422566494357, "buffer": 38.99254944466749, "gamma": 0.44420731221615356, "holdFactor": 19.272227195587377, "k": 4.042975174127071, "lookbackwindow": 124.8122828519511, "max_order_AS_size": 493.34463404030606, "sigma": 1.2849910858030265, "zscorethreshold": 1.2472203836283902}, "datetime": {"datetime": "2025-04-13 10:21:03", "elapsed": 155.954227, "delta": 0.002996}}
{"target": 8726.0, "params": {"K_high": 24.764413799292953, "K_low": 4.049299410882078, "K_mid": 22.42998247112787, "K_neg": -39.501686781621636, "S_high": 13.125806198935276, "S_low": 0.354232867694229, "S_mid": 3.605873315878851, "S_neg": -22.11802650833178, "buffer": 1.6601554395683282, "gamma": 0.8318560466924564, "holdFactor": 15.937238720443682, "k": 4.84875686724875, "lookbackwindow": 285.9327198894713, "max_order_AS_size": 345.0430195994956, "sigma": 2.6011733982181657, "zscorethreshold": 0.5003756106120252}, "datetime": {"datetime": "2025-04-13 10:21:16", "elapsed": 168.348968, "delta": 12.394741}}
{"target": -1000000000.0, "params": {"K_high": 6.782555032136883, "K_low": -7.908643193311995, "K_mid": 25.493566956791106, "K_neg": -3.9697379491680422, "S_high": 1.3602871785431174, "S_low": 8.724244924873798, "S_mid": 2.1736542176937492, "S_neg": -12.393886899645405, "buffer": 35.453025972545824, "gamma": 8.716142781273552, "holdFactor": 28.59206859208387, "k": 24.25011440902396, "lookbackwindow": 173.027845308689, "max_order_AS_size": 407.5977317595096, "sigma": 1.1602296927693503, "zscorethreshold": 2.237041640151319}, "datetime": {"datetime": "2025-04-13 10:21:16", "elapsed": 168.352974, "delta": 0.004006}}
{"target": -1000000000.0, "params": {"K_high": 21.948935808534078, "K_low": 6.345955399249874, "K_mid": 18.147499552280177, "K_neg": -7.177537544977227, "S_high": 21.103466171350917, "S_low": 4.6317904351066375, "S_mid": 3.3570362830205243, "S_neg": -36.92204371648125, "buffer": 12.355161700507322, "gamma": 1.6374695671262238, "holdFactor": 34.88416430702885, "k": 7.357205633383285, "lookbackwindow": 488.05330163047, "max_order_AS_size": 169.1110000937823, "sigma": 1.3642358313773986, "zscorethreshold": 1.9742462678561978}, "datetime": {"datetime": "2025-04-13 10:21:16", "elapsed": 168.356011, "delta": 0.003037}}
{"target": -1000000000.0, "params": {"K_high": 26.382440242484957, "K_low": -0.03608567093722037, "K_mid": 22.259005682411487, "K_neg": -3.3207093081145445, "S_high": 9.21534417911882, "S_low": 9.926678321134837, "S_mid": 38.994247169656646, "S_neg": -6.833389996306217, "buffer": 9.977122546457256, "gamma": 6.818271012191348, "holdFactor": 2.980716518269116, "k": 1.888922563968376, "lookbackwindow": 132.55302981305078, "max_order_AS_size": 231.84885541291882, "sigma": 2.7365450108167613, "zscorethreshold": 1.8179226744157702}, "datetime": {"datetime": "2025-04-13 10:21:16", "elapsed": 168.360008, "delta": 0.003997}}
{"target": 8786.0, "params": {"K_high": 29.733990195879244, "K_low": -1.490133311038493, "K_mid": 13.90280620262382, "K_neg": -21.077023087785264, "S_high": 39.50721759306871, "S_low": -9.19781617175035, "S_mid": 34.6945566952857, "S_neg": -10.487554162807935, "buffer": 21.930770959479524, "gamma": 7.266313721130608, "holdFactor": 19.518090762845645, "k": 26.329273904368158, "lookbackwindow": 450.84742268557295, "max_order_AS_size": 211.43874250985425, "sigma": 1.5536555944701032, "zscorethreshold": 1.4808758214834055}, "datetime": {"datetime": "2025-04-13 10:21:30", "elapsed": 182.764102, "delta": 14.404094}}
{"target": -1000000000.0, "params": {"K_high": 36.50329749010597, "K_low": -5.786756219886668, "K_mid": 24.956366684182964, "K_neg": -7.790428775281455, "S_high": 29.35120959436971, "S_low": -7.368646297454804, "S_mid": 28.661416090815333, "S_neg": 6.360658553947694, "buffer": 8.984155443512098, "gamma": 2.4135560829925824, "holdFactor": 38.85866425226142, "k": 6.248331628575203, "lookbackwindow": 427.9206212179417, "max_order_AS_size": 246.64665036756935, "sigma": 1.494462148806354, "zscorethreshold": 2.1768747531812784}, "datetime": {"datetime": "2025-04-13 10:21:30", "elapsed": 182.768088, "delta": 0.003986}}
{"target": -1000000000.0, "params": {"K_high": 17.867679674606354, "K_low": 0.29634707859380427, "K_mid": 14.43341143905065, "K_neg": -9.759506576818701, "S_high": 6.624602516142408, "S_low": -2.1783692669647863, "S_mid": 38.77955166117797, "S_neg": -26.835194932242494, "buffer": 32.83683322706461, "gamma": 3.2856411390357136, "holdFactor": 30.961577714895366, "k": 4.795336160832145, "lookbackwindow": 485.06141731387964, "max_order_AS_size": 227.440981150436, "sigma": 1.472100926692928, "zscorethreshold": 0.18374186832503164}, "datetime": {"datetime": "2025-04-13 10:21:30", "elapsed": 182.771085, "delta": 0.002997}}
{"target": -1000000000.0, "params": {"K_high": 6.873340412992875, "K_low": 0.3954789711203528, "K_mid": 13.546426739608323, "K_neg": 2.2730516600130812, "S_high": 17.292412194106056, "S_low": -5.025714548247402, "S_mid": 24.7240849655008, "S_neg": -3.9543619388422613, "buffer": 8.352095395047494, "gamma": 1.7178112020687606, "holdFactor": 1.5631899346483646, "k": 22.355658436903575, "lookbackwindow": 333.5832411727935, "max_order_AS_size": 237.84080699915714, "sigma": 2.688340897938394, "zscorethreshold": 2.014175382375133}, "datetime": {"datetime": "2025-04-13 10:21:30", "elapsed": 182.774091, "delta": 0.003006}}
{"target": -1000000000.0, "params": {"K_high": 23.45563913943041, "K_low": 7.365425610265174, "K_mid": 8.313064280467053, "K_neg": -34.29209941071588, "S_high": 10.863009499527886, "S_low": -8.858262878213703, "S_mid": 21.29366416724118, "S_neg": 7.766890307043035, "buffer": 1.9671770334254823, "gamma": 1.2649936443997667, "holdFactor": 18.142741228509067, "k": 28.08237550830924, "lookbackwindow": 161.4972719634915, "max_order_AS_size": 254.11016953550782, "sigma": 1.0831457181007842, "zscorethreshold": 0.37085800240522215}, "datetime": {"datetime": "2025-04-13 10:21:30", "elapsed": 182.778084, "delta": 0.003993}}
{"target": -1000000000.0, "params": {"K_high": 39.46654190605799, "K_low": 9.302373928720911, "K_mid": 0.29710523928294363, "K_neg": 8.542401056585184, "S_high": 25.600885518838464, "S_low": 7.358365890400442, "S_mid": 18.24412023979098, "S_neg": -13.704602542458236, "buffer": 24.44232901284601, "gamma": 6.685299362583738, "holdFactor": 5.672085064776884, "k": 1.8692341063076605, "lookbackwindow": 157.4253210876395, "max_order_AS_size": 352.6357006055867, "sigma": 1.4037069042458967, "zscorethreshold": 1.6835810833122933}, "datetime": {"datetime": "2025-04-13 10:21:30", "elapsed": 182.781092, "delta": 0.003008}}
{"target": -1000000000.0, "params": {"K_high": 38.79949063968009, "K_low": -8.121985684211632, "K_mid": 26.93682451718254, "K_neg": -17.368738815466873, "S_high": 34.738875949662464, "S_low": -6.457004211052282, "S_mid": 27.735775493823965, "S_neg": 2.7438797720536243, "buffer": 47.230710973701164, "gamma": 6.848317881481975, "holdFactor": 19.93727308393625, "k": 18.917569965835202, "lookbackwindow": 435.1079673169655, "max_order_AS_size": 285.734263572776, "sigma": 1.0607741193936737, "zscorethreshold": 2.3273717387674444}, "datetime": {"datetime": "2025-04-13 10:21:30", "elapsed": 182.78309, "delta": 0.001998}}
{"target": 8766.0, "params": {"K_high": 27.61211736615929, "K_low": 3.5302677155449302, "K_mid": 8.705438580668915, "K_neg": -6.396841018134481, "S_high": 15.815189785600923, "S_low": 3.024659540829841, "S_mid": 4.353061909288829, "S_neg": -6.449889465245164, "buffer": 49.97068628853333, "gamma": 0.5297097866625324, "holdFactor": 39.08924995043056, "k": 12.800330860963248, "lookbackwindow": 436.02295791694326, "max_order_AS_size": 391.41035654507846, "sigma": 2.1340325219733356, "zscorethreshold": 1.8461230231283163}, "datetime": {"datetime": "2025-04-13 10:21:40", "elapsed": 192.903118, "delta": 10.120028}}
{"target": 8862.0, "params": {"K_high": 35.15277089592378, "K_low": -1.917193566979341, "K_mid": 13.148623146373223, "K_neg": -5.952737336257179, "S_high": 32.33305308345622, "S_low": 5.245702695532316, "S_mid": 31.932764589459516, "S_neg": -17.78525094454042, "buffer": 40.89171080875108, "gamma": 1.246080100937554, "holdFactor": 21.825115008637898, "k": 1.1670011544455257, "lookbackwindow": 165.66998580063378, "max_order_AS_size": 183.86430590082753, "sigma": 1.7923453832185108, "zscorethreshold": 1.7386680167246555}, "datetime": {"datetime": "2025-04-13 10:21:49", "elapsed": 202.020972, "delta": 9.117854}}
{"target": -1000000000.0, "params": {"K_high": 15.603468240686794, "K_low": -1.026127547549386, "K_mid": 9.578010821885664, "K_neg": -20.964158626903657, "S_high": 9.168058127799743, "S_low": -8.536081524631127, "S_mid": 24.177598875916978, "S_neg": -5.921147273694174, "buffer": 30.974517300480723, "gamma": 4.6617657358156945, "holdFactor": 15.253452629151269, "k": 26.036675837582933, "lookbackwindow": 261.9454836424279, "max_order_AS_size": 240.11175693723575, "sigma": 1.0512841316128714, "zscorethreshold": 0.8531195690653909}, "datetime": {"datetime": "2025-04-13 10:21:49", "elapsed": 202.023968, "delta": 0.002996}}
{"target": -1000000000.0, "params": {"K_high": 15.269805189555695, "K_low": -2.0235443820619903, "K_mid": 23.24887753217056, "K_neg": -12.786270116929199, "S_high": 24.35541320245844, "S_low": 5.297665230842565, "S_mid": 32.53813097477213, "S_neg": -3.3757231124487888, "buffer": 47.77618479774674, "gamma": 0.2314141976297982, "holdFactor": 7.911541628773489, "k": 1.2193233743661214, "lookbackwindow": 325.4999835065285, "max_order_AS_size": 449.11724392604344, "sigma": 1.4869645931525985, "zscorethreshold": 2.3175863619907666}, "datetime": {"datetime": "2025-04-13 10:21:49", "elapsed": 202.027969, "delta": 0.004001}}
{"target": -1000000000.0, "params": {"K_high": 2.504668872553478, "K_low": 8.688720536110285, "K_mid": 14.129745220861412, "K_neg": -34.827537749089956, "S_high": 19.486283191534394, "S_low": -4.864468645589842, "S_mid": 11.46642878828072, "S_neg": -24.328211788759383, "buffer": 40.15129489163317, "gamma": 5.4146547029187815, "holdFactor": 12.521177196324544, "k": 18.699679716016632, "lookbackwindow": 359.49458374048083, "max_order_AS_size": 137.03937636603334, "sigma": 1.827098203050703, "zscorethreshold": 0.3047152333423689}, "datetime": {"datetime": "2025-04-13 10:21:49", "elapsed": 202.030975, "delta": 0.003006}}
{"target": -1000000000.0, "params": {"K_high": 7.327859046433744, "K_low": 3.622357079299656, "K_mid": 7.339390073055514, "K_neg": -13.216667432979932, "S_high": 28.390945842725063, "S_low": -7.862461538105123, "S_mid": 22.735757563193253, "S_neg": -26.91529803123045, "buffer": 48.14634376187899, "gamma": 4.861279184863251, "holdFactor": 32.25910273602881, "k": 16.95656972253159, "lookbackwindow": 26.489203763135485, "max_order_AS_size": 316.9425364214172, "sigma": 2.902806684413314, "zscorethreshold": 1.504029550365828}, "datetime": {"datetime": "2025-04-13 10:21:49", "elapsed": 202.032969, "delta": 0.001994}}
{"target": -1000000000.0, "params": {"K_high": 32.78563549112893, "K_low": 7.6841292669681565, "K_mid": 9.200382900762405, "K_neg": -29.185713164680443, "S_high": 24.47814145515457, "S_low": -1.7794306038659062, "S_mid": 33.610465984382145, "S_neg": 5.9011792932985685, "buffer": 17.671068965135905, "gamma": 2.406862061796096, "holdFactor": 31.242968058230087, "k": 8.969375030895947, "lookbackwindow": 412.1940876642708, "max_order_AS_size": 212.44538857073266, "sigma": 2.3350997985829407, "zscorethreshold": 0.23883828458667045}, "datetime": {"datetime": "2025-04-13 10:21:49", "elapsed": 202.03497, "delta": 0.002001}}
{"target": 8726.0, "params": {"K_high": 24.991987054595263, "K_low": -0.9646464252554168, "K_mid": 23.505677680701417, "K_neg": -31.431275405011966, "S_high": 29.501262423272866, "S_low": 7.25594155086457, "S_mid": 8.747918023621947, "S_neg": -35.11855766847175, "buffer": 1.1819293023168198, "gamma": 6.437616429410496, "holdFactor": 24.323052039942354, "k": 16.85422496870803, "lookbackwindow": 119.81381257740783, "max_order_AS_size": 196.06209195685182, "sigma": 2.188952670372346, "zscorethreshold": 1.2419171471479236}, "datetime": {"datetime": "2025-04-13 10:21:59", "elapsed": 211.352013, "delta": 9.317043}}
{"target": -1000000000.0, "params": {"K_high": 39.512642256574004, "K_low": -7.271204948865337, "K_mid": 27.836267706498994, "K_neg": -19.379742826681102, "S_high": 17.18516463553203, "S_low": 4.351955313163526, "S_mid": 27.72820243784235, "S_neg": 10.5540556788116, "buffer": 6.419714472706262, "gamma": 1.085891011372455, "holdFactor": 29.00111880343677, "k": 17.773220593185865, "lookbackwindow": 140.7095299471039, "max_order_AS_size": 40.630265125504316, "sigma": 1.171316499192861, "zscorethreshold": 2.2354771866602956}, "datetime": {"datetime": "2025-04-13 10:21:59", "elapsed": 211.355013, "delta": 0.003}}
{"target": -1000000000.0, "params": {"K_high": 7.755506256277841, "K_low": -3.5325687576895852, "K_mid": 9.143590448856822, "K_neg": -21.895188402571197, "S_high": 2.8700113255691253, "S_low": 0.3811958181654074, "S_mid": 2.7977412873293748, "S_neg": 0.8181818989404377, "buffer": 11.68560409552165, "gamma": 5.4231185503148795, "holdFactor": 35.215155593702185, "k": 19.87544370236863, "lookbackwindow": 268.814104342911, "max_order_AS_size": 162.84254280457242, "sigma": 1.6660038261163959, "zscorethreshold": 1.6737173879954752}, "datetime": {"datetime": "2025-04-13 10:21:59", "elapsed": 211.358012, "delta": 0.002999}}
{"target": -1000000000.0, "params": {"K_high": 39.76616051272458, "K_low": 3.236783796987572, "K_mid": 22.355558353063994, "K_neg": -2.7368239777984513, "S_high": 18.661703930120353, "S_low": -8.797153147984297, "S_mid": 22.5356429535286, "S_neg": 8.83888950977439, "buffer": 8.765147117882982, "gamma": 6.915548663665623, "holdFactor": 8.117254177496353, "k": 16.539002849719356, "lookbackwindow": 52.85484257512621, "max_order_AS_size": 225.7350971928344, "sigma": 2.512326657790492, "zscorethreshold": 0.8689288105974552}, "datetime": {"datetime": "2025-04-13 10:21:59", "elapsed": 211.360012, "delta": 0.002}}
{"target": -1000000000.0, "params": {"K_high": 26.62997780704, "K_low": 5.908999215794584, "K_mid": 37.09439499723016, "K_neg": -28.03325382537187, "S_high": 16.032705040791395, "S_low": -6.951679733391652, "S_mid": 39.70009173611917, "S_neg": 7.27704936413906, "buffer": 26.99785651402798, "gamma": 8.428231279045391, "holdFactor": 20.886223293154483, "k": 19.08398495208003, "lookbackwindow": 49.116593897428224, "max_order_AS_size": 377.87993982790715, "sigma": 1.2554269672704697, "zscorethreshold": 2.065169075631321}, "datetime": {"datetime": "2025-04-13 10:21:59", "elapsed": 211.363532, "delta": 0.00352}}
{"target": -1000000000.0, "params": {"K_high": 31.302920698048396, "K_low": 4.174893954859529, "K_mid": 1.5427991829380083, "K_neg": -24.54045384678824, "S_high": 10.59819153944263, "S_low": -2.7972718505696186, "S_mid": 3.5969455958771577, "S_neg": 7.7848489745842, "buffer": 27.690112035618814, "gamma": 3.0899668910473337, "holdFactor": 15.939562531263908, "k": 13.968873674640234, "lookbackwindow": 302.29419501350554, "max_order_AS_size": 258.3240344205524, "sigma": 2.8387839464288347, "zscorethreshold": 1.2424087072645755}, "datetime": {"datetime": "2025-04-13 10:21:59", "elapsed": 211.366542, "delta": 0.00301}}
{"target": -1000000000.0, "params": {"K_high": 39.687104791450174, "K_low": 7.028499154901915, "K_mid": 8.419569522857698, "K_neg": 7.4603559468397265, "S_high": 4.743019275630496, "S_low": 6.348994169823833, "S_mid": 15.286869409715544, "S_neg": 4.776690342698544, "buffer": 43.40283450537252, "gamma": 8.06895773117033, "holdFactor": 31.62221440865175, "k": 9.835695033843184, "lookbackwindow": 45.055045110369825, "max_order_AS_size": 202.08710920381557, "sigma": 1.3470490299730173, "zscorethreshold": 1.7373777222561544}, "datetime": {"datetime": "2025-04-13 10:21:59", "elapsed": 211.369546, "delta": 0.003004}}
